ARM GAS  C:\Users\Admin\AppData\Local\Temp\ccvNcpUb.s 			page 1


   1              		.syntax unified
   2              		.cpu cortex-m0
   3              		.fpu softvfp
   4              		.eabi_attribute 20, 1
   5              		.eabi_attribute 21, 1
   6              		.eabi_attribute 23, 3
   7              		.eabi_attribute 24, 1
   8              		.eabi_attribute 25, 1
   9              		.eabi_attribute 26, 1
  10              		.eabi_attribute 30, 1
  11              		.eabi_attribute 34, 0
  12              		.eabi_attribute 18, 4
  13              		.thumb
  14              		.syntax unified
  15              		.file	"main.c"
  16              		.text
  17              	.Ltext0:
  18              		.cfi_sections	.debug_frame
  19              		.section	.text.clock_rising_edge,"ax",%progbits
  20              		.align	2
  21              		.global	clock_rising_edge
  22              		.code	16
  23              		.thumb_func
  24              		.type	clock_rising_edge, %function
  25              	clock_rising_edge:
  26              	.LFB35:
  27              		.file 1 "main.c"
   1:main.c        **** #include "project.h"
   2:main.c        **** #include <stdbool.h>
   3:main.c        **** 
   4:main.c        **** #define T_US 10
   5:main.c        **** 
   6:main.c        **** #define SET_D(v) do { \
   7:main.c        ****     D0_Write((v >> 0) & 1); \
   8:main.c        ****     D1_Write((v >> 1) & 1); \
   9:main.c        ****     D2_Write((v >> 2) & 1); \
  10:main.c        ****     D3_Write((v >> 3) & 1); \
  11:main.c        ****     D4_Write((v >> 4) & 1); \
  12:main.c        ****     D5_Write((v >> 5) & 1); \
  13:main.c        ****     D6_Write((v >> 6) & 1); \
  14:main.c        ****     D7_Write((v >> 7) & 1); \
  15:main.c        **** } while (0)
  16:main.c        **** 
  17:main.c        **** #define READ_Q() ( \
  18:main.c        ****     (Q0_Read() << 0) | \
  19:main.c        ****     (Q1_Read() << 1) | \
  20:main.c        ****     (Q2_Read() << 2) | \
  21:main.c        ****     (Q3_Read() << 3) | \
  22:main.c        ****     (Q4_Read() << 4) | \
  23:main.c        ****     (Q5_Read() << 5) | \
  24:main.c        ****     (Q6_Read() << 6) | \
  25:main.c        ****     (Q7_Read() << 7) )
  26:main.c        **** 
  27:main.c        **** void clock_rising_edge(void)
  28:main.c        **** {
  28              		.loc 1 28 0
  29              		.cfi_startproc
ARM GAS  C:\Users\Admin\AppData\Local\Temp\ccvNcpUb.s 			page 2


  30              		@ args = 0, pretend = 0, frame = 0
  31              		@ frame_needed = 0, uses_anonymous_args = 0
  32 0000 10B5     		push	{r4, lr}
  33              		.cfi_def_cfa_offset 8
  34              		.cfi_offset 4, -8
  35              		.cfi_offset 14, -4
  29:main.c        ****     CK_Write(0);
  36              		.loc 1 29 0
  37 0002 0020     		movs	r0, #0
  38 0004 FFF7FEFF 		bl	CK_Write
  39              	.LVL0:
  30:main.c        ****     CyDelayUs(T_US);
  40              		.loc 1 30 0
  41 0008 0A20     		movs	r0, #10
  42 000a FFF7FEFF 		bl	CyDelayUs
  43              	.LVL1:
  31:main.c        ****     CK_Write(1);
  44              		.loc 1 31 0
  45 000e 0120     		movs	r0, #1
  46 0010 FFF7FEFF 		bl	CK_Write
  47              	.LVL2:
  32:main.c        ****     CyDelayUs(T_US);
  48              		.loc 1 32 0
  49 0014 0A20     		movs	r0, #10
  50 0016 FFF7FEFF 		bl	CyDelayUs
  51              	.LVL3:
  33:main.c        ****     CK_Write(0);
  52              		.loc 1 33 0
  53 001a 0020     		movs	r0, #0
  54 001c FFF7FEFF 		bl	CK_Write
  55              	.LVL4:
  34:main.c        ****     CyDelayUs(T_US);
  56              		.loc 1 34 0
  57 0020 0A20     		movs	r0, #10
  58 0022 FFF7FEFF 		bl	CyDelayUs
  59              	.LVL5:
  35:main.c        **** }
  60              		.loc 1 35 0
  61              		@ sp needed
  62 0026 10BD     		pop	{r4, pc}
  63              		.cfi_endproc
  64              	.LFE35:
  65              		.size	clock_rising_edge, .-clock_rising_edge
  66              		.section	.text.test_74374,"ax",%progbits
  67              		.align	2
  68              		.global	test_74374
  69              		.code	16
  70              		.thumb_func
  71              		.type	test_74374, %function
  72              	test_74374:
  73              	.LFB36:
  36:main.c        **** 
  37:main.c        **** bool test_74374(void)
  38:main.c        **** {
  74              		.loc 1 38 0
  75              		.cfi_startproc
  76              		@ args = 0, pretend = 0, frame = 0
ARM GAS  C:\Users\Admin\AppData\Local\Temp\ccvNcpUb.s 			page 3


  77              		@ frame_needed = 0, uses_anonymous_args = 0
  78 0000 F8B5     		push	{r3, r4, r5, r6, r7, lr}
  79              		.cfi_def_cfa_offset 24
  80              		.cfi_offset 3, -24
  81              		.cfi_offset 4, -20
  82              		.cfi_offset 5, -16
  83              		.cfi_offset 6, -12
  84              		.cfi_offset 7, -8
  85              		.cfi_offset 14, -4
  86              	.LVL6:
  87              	.LBB2:
  39:main.c        ****     for (uint16_t v = 0; v < 256; v++)
  88              		.loc 1 39 0
  89 0002 0026     		movs	r6, #0
  90 0004 92E0     		b	.L3
  91              	.LVL7:
  92              	.L7:
  40:main.c        ****     {
  41:main.c        ****         SET_D(v);
  93              		.loc 1 41 0
  94 0006 0124     		movs	r4, #1
  95 0008 2000     		movs	r0, r4
  96 000a 3040     		ands	r0, r6
  97 000c FFF7FEFF 		bl	D0_Write
  98              	.LVL8:
  99 0010 7008     		lsrs	r0, r6, #1
 100 0012 2040     		ands	r0, r4
 101 0014 FFF7FEFF 		bl	D1_Write
 102              	.LVL9:
 103 0018 B008     		lsrs	r0, r6, #2
 104 001a 2040     		ands	r0, r4
 105 001c FFF7FEFF 		bl	D2_Write
 106              	.LVL10:
 107 0020 F008     		lsrs	r0, r6, #3
 108 0022 2040     		ands	r0, r4
 109 0024 FFF7FEFF 		bl	D3_Write
 110              	.LVL11:
 111 0028 3009     		lsrs	r0, r6, #4
 112 002a 2040     		ands	r0, r4
 113 002c FFF7FEFF 		bl	D4_Write
 114              	.LVL12:
 115 0030 7009     		lsrs	r0, r6, #5
 116 0032 2040     		ands	r0, r4
 117 0034 FFF7FEFF 		bl	D5_Write
 118              	.LVL13:
 119 0038 B009     		lsrs	r0, r6, #6
 120 003a 2040     		ands	r0, r4
 121 003c FFF7FEFF 		bl	D6_Write
 122              	.LVL14:
 123 0040 F009     		lsrs	r0, r6, #7
 124 0042 2040     		ands	r0, r4
 125 0044 FFF7FEFF 		bl	D7_Write
 126              	.LVL15:
  42:main.c        ****         CyDelayUs(T_US);
 127              		.loc 1 42 0
 128 0048 0A20     		movs	r0, #10
 129 004a FFF7FEFF 		bl	CyDelayUs
ARM GAS  C:\Users\Admin\AppData\Local\Temp\ccvNcpUb.s 			page 4


 130              	.LVL16:
  43:main.c        **** 
  44:main.c        ****         clock_rising_edge();
 131              		.loc 1 44 0
 132 004e FFF7FEFF 		bl	clock_rising_edge
 133              	.LVL17:
  45:main.c        ****         
  46:main.c        ****         if (READ_Q() != v)
 134              		.loc 1 46 0
 135 0052 FFF7FEFF 		bl	Q0_Read
 136              	.LVL18:
 137 0056 0400     		movs	r4, r0
 138 0058 FFF7FEFF 		bl	Q1_Read
 139              	.LVL19:
 140 005c 4000     		lsls	r0, r0, #1
 141 005e 0443     		orrs	r4, r0
 142 0060 FFF7FEFF 		bl	Q2_Read
 143              	.LVL20:
 144 0064 8000     		lsls	r0, r0, #2
 145 0066 0443     		orrs	r4, r0
 146 0068 FFF7FEFF 		bl	Q3_Read
 147              	.LVL21:
 148 006c C000     		lsls	r0, r0, #3
 149 006e 0443     		orrs	r4, r0
 150 0070 FFF7FEFF 		bl	Q4_Read
 151              	.LVL22:
 152 0074 0001     		lsls	r0, r0, #4
 153 0076 0443     		orrs	r4, r0
 154 0078 FFF7FEFF 		bl	Q5_Read
 155              	.LVL23:
 156 007c 4001     		lsls	r0, r0, #5
 157 007e 0443     		orrs	r4, r0
 158 0080 FFF7FEFF 		bl	Q6_Read
 159              	.LVL24:
 160 0084 8001     		lsls	r0, r0, #6
 161 0086 0443     		orrs	r4, r0
 162 0088 FFF7FEFF 		bl	Q7_Read
 163              	.LVL25:
 164 008c C001     		lsls	r0, r0, #7
 165 008e 2043     		orrs	r0, r4
 166 0090 3700     		movs	r7, r6
 167 0092 B042     		cmp	r0, r6
 168 0094 00D0     		beq	.LCB130
 169 0096 9FE0     		b	.L10	@long jump
 170              	.LCB130:
 171 0098 0025     		movs	r5, #0
 172 009a 43E0     		b	.L5
 173              	.LVL26:
 174              	.L6:
 175              	.LBB3:
  47:main.c        ****             return false;
  48:main.c        **** 
  49:main.c        ****         for (uint8_t i = 0; i < 20; i++)
  50:main.c        ****         {
  51:main.c        ****             SET_D((i * 73) & 0xFF);
 176              		.loc 1 51 0
 177 009c EC00     		lsls	r4, r5, #3
ARM GAS  C:\Users\Admin\AppData\Local\Temp\ccvNcpUb.s 			page 5


 178 009e 2C19     		adds	r4, r5, r4
 179 00a0 E400     		lsls	r4, r4, #3
 180 00a2 2C19     		adds	r4, r5, r4
 181 00a4 0123     		movs	r3, #1
 182 00a6 1C40     		ands	r4, r3
 183 00a8 2000     		movs	r0, r4
 184 00aa FFF7FEFF 		bl	D0_Write
 185              	.LVL27:
 186 00ae 2000     		movs	r0, r4
 187 00b0 FFF7FEFF 		bl	D1_Write
 188              	.LVL28:
 189 00b4 2000     		movs	r0, r4
 190 00b6 FFF7FEFF 		bl	D2_Write
 191              	.LVL29:
 192 00ba 2000     		movs	r0, r4
 193 00bc FFF7FEFF 		bl	D3_Write
 194              	.LVL30:
 195 00c0 2000     		movs	r0, r4
 196 00c2 FFF7FEFF 		bl	D4_Write
 197              	.LVL31:
 198 00c6 2000     		movs	r0, r4
 199 00c8 FFF7FEFF 		bl	D5_Write
 200              	.LVL32:
 201 00cc 2000     		movs	r0, r4
 202 00ce FFF7FEFF 		bl	D6_Write
 203              	.LVL33:
 204 00d2 2000     		movs	r0, r4
 205 00d4 FFF7FEFF 		bl	D7_Write
 206              	.LVL34:
  52:main.c        ****             CyDelayUs(T_US);
 207              		.loc 1 52 0
 208 00d8 0A20     		movs	r0, #10
 209 00da FFF7FEFF 		bl	CyDelayUs
 210              	.LVL35:
  53:main.c        **** 
  54:main.c        ****             if (READ_Q() != v)
 211              		.loc 1 54 0
 212 00de FFF7FEFF 		bl	Q0_Read
 213              	.LVL36:
 214 00e2 0400     		movs	r4, r0
 215 00e4 FFF7FEFF 		bl	Q1_Read
 216              	.LVL37:
 217 00e8 4000     		lsls	r0, r0, #1
 218 00ea 0443     		orrs	r4, r0
 219 00ec FFF7FEFF 		bl	Q2_Read
 220              	.LVL38:
 221 00f0 8000     		lsls	r0, r0, #2
 222 00f2 0443     		orrs	r4, r0
 223 00f4 FFF7FEFF 		bl	Q3_Read
 224              	.LVL39:
 225 00f8 C000     		lsls	r0, r0, #3
 226 00fa 0443     		orrs	r4, r0
 227 00fc FFF7FEFF 		bl	Q4_Read
 228              	.LVL40:
 229 0100 0001     		lsls	r0, r0, #4
 230 0102 0443     		orrs	r4, r0
 231 0104 FFF7FEFF 		bl	Q5_Read
ARM GAS  C:\Users\Admin\AppData\Local\Temp\ccvNcpUb.s 			page 6


 232              	.LVL41:
 233 0108 4001     		lsls	r0, r0, #5
 234 010a 0443     		orrs	r4, r0
 235 010c FFF7FEFF 		bl	Q6_Read
 236              	.LVL42:
 237 0110 8001     		lsls	r0, r0, #6
 238 0112 0443     		orrs	r4, r0
 239 0114 FFF7FEFF 		bl	Q7_Read
 240              	.LVL43:
 241 0118 C001     		lsls	r0, r0, #7
 242 011a 2043     		orrs	r0, r4
 243 011c 8742     		cmp	r7, r0
 244 011e 5DD1     		bne	.L11
  49:main.c        ****         {
 245              		.loc 1 49 0 discriminator 2
 246 0120 0135     		adds	r5, r5, #1
 247              	.LVL44:
 248 0122 EDB2     		uxtb	r5, r5
 249              	.LVL45:
 250              	.L5:
  49:main.c        ****         {
 251              		.loc 1 49 0 is_stmt 0 discriminator 1
 252 0124 132D     		cmp	r5, #19
 253 0126 B9D9     		bls	.L6
 254              	.LBE3:
  39:main.c        ****     {
 255              		.loc 1 39 0 is_stmt 1 discriminator 2
 256 0128 0136     		adds	r6, r6, #1
 257              	.LVL46:
 258 012a B6B2     		uxth	r6, r6
 259              	.LVL47:
 260              	.L3:
  39:main.c        ****     {
 261              		.loc 1 39 0 is_stmt 0 discriminator 1
 262 012c FF2E     		cmp	r6, #255
 263 012e 00D8     		bhi	.LCB226
 264 0130 69E7     		b	.L7	@long jump
 265              	.LCB226:
 266 0132 0027     		movs	r7, #0
 267 0134 4CE0     		b	.L8
 268              	.LVL48:
 269              	.L9:
 270              	.LBE2:
 271              	.LBB5:
 272              	.LBB6:
  55:main.c        ****                 return false;
  56:main.c        ****         }
  57:main.c        ****     }
  58:main.c        **** 
  59:main.c        ****     for (uint8_t b = 0; b < 8; b++)
  60:main.c        ****     {
  61:main.c        ****         uint8_t m = 1 << b;
 273              		.loc 1 61 0 is_stmt 1
 274 0136 0126     		movs	r6, #1
 275 0138 BE40     		lsls	r6, r6, r7
 276 013a F4B2     		uxtb	r4, r6
 277              	.LVL49:
ARM GAS  C:\Users\Admin\AppData\Local\Temp\ccvNcpUb.s 			page 7


  62:main.c        ****         SET_D(m);
 278              		.loc 1 62 0
 279 013c 0125     		movs	r5, #1
 280 013e 2800     		movs	r0, r5
 281 0140 2040     		ands	r0, r4
 282 0142 FFF7FEFF 		bl	D0_Write
 283              	.LVL50:
 284 0146 6008     		lsrs	r0, r4, #1
 285 0148 2840     		ands	r0, r5
 286 014a FFF7FEFF 		bl	D1_Write
 287              	.LVL51:
 288 014e A008     		lsrs	r0, r4, #2
 289 0150 2840     		ands	r0, r5
 290 0152 FFF7FEFF 		bl	D2_Write
 291              	.LVL52:
 292 0156 E008     		lsrs	r0, r4, #3
 293 0158 2840     		ands	r0, r5
 294 015a FFF7FEFF 		bl	D3_Write
 295              	.LVL53:
 296 015e 2009     		lsrs	r0, r4, #4
 297 0160 2840     		ands	r0, r5
 298 0162 FFF7FEFF 		bl	D4_Write
 299              	.LVL54:
 300 0166 6009     		lsrs	r0, r4, #5
 301 0168 2840     		ands	r0, r5
 302 016a FFF7FEFF 		bl	D5_Write
 303              	.LVL55:
 304 016e A009     		lsrs	r0, r4, #6
 305 0170 2840     		ands	r0, r5
 306 0172 FFF7FEFF 		bl	D6_Write
 307              	.LVL56:
 308 0176 E009     		lsrs	r0, r4, #7
 309 0178 FFF7FEFF 		bl	D7_Write
 310              	.LVL57:
  63:main.c        ****         CyDelayUs(T_US);
 311              		.loc 1 63 0
 312 017c 0A20     		movs	r0, #10
 313 017e FFF7FEFF 		bl	CyDelayUs
 314              	.LVL58:
  64:main.c        ****         clock_rising_edge();
 315              		.loc 1 64 0
 316 0182 FFF7FEFF 		bl	clock_rising_edge
 317              	.LVL59:
  65:main.c        **** 
  66:main.c        ****         if (READ_Q() != m)
 318              		.loc 1 66 0
 319 0186 FFF7FEFF 		bl	Q0_Read
 320              	.LVL60:
 321 018a 0400     		movs	r4, r0
 322              	.LVL61:
 323 018c FFF7FEFF 		bl	Q1_Read
 324              	.LVL62:
 325 0190 4000     		lsls	r0, r0, #1
 326 0192 0443     		orrs	r4, r0
 327 0194 FFF7FEFF 		bl	Q2_Read
 328              	.LVL63:
 329 0198 8000     		lsls	r0, r0, #2
ARM GAS  C:\Users\Admin\AppData\Local\Temp\ccvNcpUb.s 			page 8


 330 019a 0443     		orrs	r4, r0
 331 019c FFF7FEFF 		bl	Q3_Read
 332              	.LVL64:
 333 01a0 C000     		lsls	r0, r0, #3
 334 01a2 0443     		orrs	r4, r0
 335 01a4 FFF7FEFF 		bl	Q4_Read
 336              	.LVL65:
 337 01a8 0001     		lsls	r0, r0, #4
 338 01aa 0443     		orrs	r4, r0
 339 01ac FFF7FEFF 		bl	Q5_Read
 340              	.LVL66:
 341 01b0 4001     		lsls	r0, r0, #5
 342 01b2 0443     		orrs	r4, r0
 343 01b4 FFF7FEFF 		bl	Q6_Read
 344              	.LVL67:
 345 01b8 8001     		lsls	r0, r0, #6
 346 01ba 0443     		orrs	r4, r0
 347 01bc FFF7FEFF 		bl	Q7_Read
 348              	.LVL68:
 349 01c0 C001     		lsls	r0, r0, #7
 350 01c2 2043     		orrs	r0, r4
 351 01c4 FF23     		movs	r3, #255
 352 01c6 1E40     		ands	r6, r3
 353              	.LVL69:
 354 01c8 8642     		cmp	r6, r0
 355 01ca 09D1     		bne	.L12
 356              	.LBE6:
  59:main.c        ****     {
 357              		.loc 1 59 0 discriminator 2
 358 01cc 0137     		adds	r7, r7, #1
 359              	.LVL70:
 360 01ce FFB2     		uxtb	r7, r7
 361              	.LVL71:
 362              	.L8:
  59:main.c        ****     {
 363              		.loc 1 59 0 is_stmt 0 discriminator 1
 364 01d0 072F     		cmp	r7, #7
 365 01d2 B0D9     		bls	.L9
 366              	.LBE5:
  67:main.c        ****             return false;
  68:main.c        ****     }
  69:main.c        **** 
  70:main.c        ****     return true;
 367              		.loc 1 70 0 is_stmt 1
 368 01d4 0120     		movs	r0, #1
 369              	.LBB8:
 370 01d6 04E0     		b	.L4
 371              	.LVL72:
 372              	.L10:
 373              	.LBE8:
 374              	.LBB9:
  47:main.c        **** 
 375              		.loc 1 47 0
 376 01d8 0020     		movs	r0, #0
 377 01da 02E0     		b	.L4
 378              	.LVL73:
 379              	.L11:
ARM GAS  C:\Users\Admin\AppData\Local\Temp\ccvNcpUb.s 			page 9


 380              	.LBB4:
  55:main.c        ****         }
 381              		.loc 1 55 0
 382 01dc 0020     		movs	r0, #0
 383 01de 00E0     		b	.L4
 384              	.LVL74:
 385              	.L12:
 386              	.LBE4:
 387              	.LBE9:
 388              	.LBB10:
 389              	.LBB7:
  67:main.c        ****             return false;
 390              		.loc 1 67 0
 391 01e0 0020     		movs	r0, #0
 392              	.LVL75:
 393              	.L4:
 394              	.LBE7:
 395              	.LBE10:
  71:main.c        **** }
 396              		.loc 1 71 0
 397              		@ sp needed
 398 01e2 F8BD     		pop	{r3, r4, r5, r6, r7, pc}
 399              		.cfi_endproc
 400              	.LFE36:
 401              		.size	test_74374, .-test_74374
 402              		.section	.text.main,"ax",%progbits
 403              		.align	2
 404              		.global	main
 405              		.code	16
 406              		.thumb_func
 407              		.type	main, %function
 408              	main:
 409              	.LFB37:
  72:main.c        **** 
  73:main.c        **** int main(void)
  74:main.c        **** {
 410              		.loc 1 74 0
 411              		.cfi_startproc
 412              		@ Volatile: function does not return.
 413              		@ args = 0, pretend = 0, frame = 0
 414              		@ frame_needed = 0, uses_anonymous_args = 0
 415 0000 10B5     		push	{r4, lr}
 416              		.cfi_def_cfa_offset 8
 417              		.cfi_offset 4, -8
 418              		.cfi_offset 14, -4
  75:main.c        ****     CyGlobalIntEnable;
 419              		.loc 1 75 0
 420              		.syntax divided
 421              	@ 75 "main.c" 1
 422 0002 62B6     		CPSIE   i
 423              	@ 0 "" 2
  76:main.c        **** 
  77:main.c        ****     OE_Write(0);
 424              		.loc 1 77 0
 425              		.thumb
 426              		.syntax unified
 427 0004 0020     		movs	r0, #0
ARM GAS  C:\Users\Admin\AppData\Local\Temp\ccvNcpUb.s 			page 10


 428 0006 FFF7FEFF 		bl	OE_Write
 429              	.LVL76:
  78:main.c        ****     CK_Write(0);
 430              		.loc 1 78 0
 431 000a 0020     		movs	r0, #0
 432 000c FFF7FEFF 		bl	CK_Write
 433              	.LVL77:
  79:main.c        ****     SET_D(0);
 434              		.loc 1 79 0
 435 0010 0020     		movs	r0, #0
 436 0012 FFF7FEFF 		bl	D0_Write
 437              	.LVL78:
 438 0016 0020     		movs	r0, #0
 439 0018 FFF7FEFF 		bl	D1_Write
 440              	.LVL79:
 441 001c 0020     		movs	r0, #0
 442 001e FFF7FEFF 		bl	D2_Write
 443              	.LVL80:
 444 0022 0020     		movs	r0, #0
 445 0024 FFF7FEFF 		bl	D3_Write
 446              	.LVL81:
 447 0028 0020     		movs	r0, #0
 448 002a FFF7FEFF 		bl	D4_Write
 449              	.LVL82:
 450 002e 0020     		movs	r0, #0
 451 0030 FFF7FEFF 		bl	D5_Write
 452              	.LVL83:
 453 0034 0020     		movs	r0, #0
 454 0036 FFF7FEFF 		bl	D6_Write
 455              	.LVL84:
 456 003a 0020     		movs	r0, #0
 457 003c FFF7FEFF 		bl	D7_Write
 458              	.LVL85:
  80:main.c        **** 
  81:main.c        ****     LED_OK_Write(0);
 459              		.loc 1 81 0
 460 0040 0020     		movs	r0, #0
 461 0042 FFF7FEFF 		bl	LED_OK_Write
 462              	.LVL86:
  82:main.c        ****     LED_FAIL_Write(0);
 463              		.loc 1 82 0
 464 0046 0020     		movs	r0, #0
 465 0048 FFF7FEFF 		bl	LED_FAIL_Write
 466              	.LVL87:
  83:main.c        **** 
  84:main.c        ****     CyDelay(100);
 467              		.loc 1 84 0
 468 004c 6420     		movs	r0, #100
 469 004e FFF7FEFF 		bl	CyDelay
 470              	.LVL88:
  85:main.c        **** 
  86:main.c        ****     if (test_74374())
 471              		.loc 1 86 0
 472 0052 FFF7FEFF 		bl	test_74374
 473              	.LVL89:
 474 0056 0028     		cmp	r0, #0
 475 0058 06D0     		beq	.L14
ARM GAS  C:\Users\Admin\AppData\Local\Temp\ccvNcpUb.s 			page 11


  87:main.c        ****     {
  88:main.c        ****         LED_OK_Write(1);
 476              		.loc 1 88 0
 477 005a 0120     		movs	r0, #1
 478 005c FFF7FEFF 		bl	LED_OK_Write
 479              	.LVL90:
  89:main.c        ****         LED_FAIL_Write(0);
 480              		.loc 1 89 0
 481 0060 0020     		movs	r0, #0
 482 0062 FFF7FEFF 		bl	LED_FAIL_Write
 483              	.LVL91:
 484 0066 05E0     		b	.L16
 485              	.L14:
  90:main.c        ****     }
  91:main.c        ****     else
  92:main.c        ****     {
  93:main.c        ****         LED_OK_Write(0);
 486              		.loc 1 93 0
 487 0068 0020     		movs	r0, #0
 488 006a FFF7FEFF 		bl	LED_OK_Write
 489              	.LVL92:
  94:main.c        ****         LED_FAIL_Write(1);
 490              		.loc 1 94 0
 491 006e 0120     		movs	r0, #1
 492 0070 FFF7FEFF 		bl	LED_FAIL_Write
 493              	.LVL93:
 494              	.L16:
  95:main.c        ****     }
  96:main.c        **** 
  97:main.c        ****     for (;;)
  98:main.c        ****         CyDelay(1000);
 495              		.loc 1 98 0 discriminator 1
 496 0074 FA20     		movs	r0, #250
 497 0076 8000     		lsls	r0, r0, #2
 498 0078 FFF7FEFF 		bl	CyDelay
 499              	.LVL94:
 500 007c FAE7     		b	.L16
 501              		.cfi_endproc
 502              	.LFE37:
 503              		.size	main, .-main
 504 007e C046     		.text
 505              	.Letext0:
 506              		.file 2 "c:\\program files (x86)\\cypress\\psoc creator\\4.4\\psoc creator\\import\\gnu\\arm\\5.4.
 507              		.file 3 "c:\\program files (x86)\\cypress\\psoc creator\\4.4\\psoc creator\\import\\gnu\\arm\\5.4.
 508              		.file 4 "Generated_Source\\PSoC4/CK.h"
 509              		.file 5 "Generated_Source\\PSoC4/CyLib.h"
 510              		.file 6 "Generated_Source\\PSoC4/D0.h"
 511              		.file 7 "Generated_Source\\PSoC4/D1.h"
 512              		.file 8 "Generated_Source\\PSoC4/D2.h"
 513              		.file 9 "Generated_Source\\PSoC4/D3.h"
 514              		.file 10 "Generated_Source\\PSoC4/D4.h"
 515              		.file 11 "Generated_Source\\PSoC4/D5.h"
 516              		.file 12 "Generated_Source\\PSoC4/D6.h"
 517              		.file 13 "Generated_Source\\PSoC4/D7.h"
 518              		.file 14 "Generated_Source\\PSoC4/Q0.h"
 519              		.file 15 "Generated_Source\\PSoC4/Q1.h"
 520              		.file 16 "Generated_Source\\PSoC4/Q2.h"
ARM GAS  C:\Users\Admin\AppData\Local\Temp\ccvNcpUb.s 			page 12


 521              		.file 17 "Generated_Source\\PSoC4/Q3.h"
 522              		.file 18 "Generated_Source\\PSoC4/Q4.h"
 523              		.file 19 "Generated_Source\\PSoC4/Q5.h"
 524              		.file 20 "Generated_Source\\PSoC4/Q6.h"
 525              		.file 21 "Generated_Source\\PSoC4/Q7.h"
 526              		.file 22 "Generated_Source\\PSoC4/OE.h"
 527              		.file 23 "Generated_Source\\PSoC4/LED_OK.h"
 528              		.file 24 "Generated_Source\\PSoC4/LED_FAIL.h"
 529              		.section	.debug_info,"",%progbits
 530              	.Ldebug_info0:
 531 0000 66070000 		.4byte	0x766
 532 0004 0400     		.2byte	0x4
 533 0006 00000000 		.4byte	.Ldebug_abbrev0
 534 000a 04       		.byte	0x4
 535 000b 01       		.uleb128 0x1
 536 000c 85010000 		.4byte	.LASF41
 537 0010 0C       		.byte	0xc
 538 0011 2A020000 		.4byte	.LASF42
 539 0015 71000000 		.4byte	.LASF43
 540 0019 68000000 		.4byte	.Ldebug_ranges0+0x68
 541 001d 00000000 		.4byte	0
 542 0021 00000000 		.4byte	.Ldebug_line0
 543 0025 02       		.uleb128 0x2
 544 0026 01       		.byte	0x1
 545 0027 06       		.byte	0x6
 546 0028 77020000 		.4byte	.LASF0
 547 002c 03       		.uleb128 0x3
 548 002d 08000000 		.4byte	.LASF3
 549 0031 02       		.byte	0x2
 550 0032 1D       		.byte	0x1d
 551 0033 37000000 		.4byte	0x37
 552 0037 02       		.uleb128 0x2
 553 0038 01       		.byte	0x1
 554 0039 08       		.byte	0x8
 555 003a F4000000 		.4byte	.LASF1
 556 003e 02       		.uleb128 0x2
 557 003f 02       		.byte	0x2
 558 0040 05       		.byte	0x5
 559 0041 39020000 		.4byte	.LASF2
 560 0045 03       		.uleb128 0x3
 561 0046 34000000 		.4byte	.LASF4
 562 004a 02       		.byte	0x2
 563 004b 2B       		.byte	0x2b
 564 004c 50000000 		.4byte	0x50
 565 0050 02       		.uleb128 0x2
 566 0051 02       		.byte	0x2
 567 0052 07       		.byte	0x7
 568 0053 C8000000 		.4byte	.LASF5
 569 0057 02       		.uleb128 0x2
 570 0058 04       		.byte	0x4
 571 0059 05       		.byte	0x5
 572 005a 5D020000 		.4byte	.LASF6
 573 005e 02       		.uleb128 0x2
 574 005f 04       		.byte	0x4
 575 0060 07       		.byte	0x7
 576 0061 B6000000 		.4byte	.LASF7
 577 0065 02       		.uleb128 0x2
ARM GAS  C:\Users\Admin\AppData\Local\Temp\ccvNcpUb.s 			page 13


 578 0066 08       		.byte	0x8
 579 0067 05       		.byte	0x5
 580 0068 1C020000 		.4byte	.LASF8
 581 006c 02       		.uleb128 0x2
 582 006d 08       		.byte	0x8
 583 006e 07       		.byte	0x7
 584 006f 61010000 		.4byte	.LASF9
 585 0073 04       		.uleb128 0x4
 586 0074 04       		.byte	0x4
 587 0075 05       		.byte	0x5
 588 0076 696E7400 		.ascii	"int\000"
 589 007a 02       		.uleb128 0x2
 590 007b 04       		.byte	0x4
 591 007c 07       		.byte	0x7
 592 007d 4B010000 		.4byte	.LASF10
 593 0081 03       		.uleb128 0x3
 594 0082 78010000 		.4byte	.LASF11
 595 0086 03       		.byte	0x3
 596 0087 18       		.byte	0x18
 597 0088 2C000000 		.4byte	0x2c
 598 008c 03       		.uleb128 0x3
 599 008d 54020000 		.4byte	.LASF12
 600 0091 03       		.byte	0x3
 601 0092 24       		.byte	0x24
 602 0093 45000000 		.4byte	0x45
 603 0097 02       		.uleb128 0x2
 604 0098 04       		.byte	0x4
 605 0099 04       		.byte	0x4
 606 009a 50000000 		.4byte	.LASF13
 607 009e 02       		.uleb128 0x2
 608 009f 08       		.byte	0x8
 609 00a0 04       		.byte	0x4
 610 00a1 0A010000 		.4byte	.LASF14
 611 00a5 02       		.uleb128 0x2
 612 00a6 01       		.byte	0x1
 613 00a7 08       		.byte	0x8
 614 00a8 66020000 		.4byte	.LASF15
 615 00ac 02       		.uleb128 0x2
 616 00ad 04       		.byte	0x4
 617 00ae 07       		.byte	0x7
 618 00af 13020000 		.4byte	.LASF16
 619 00b3 02       		.uleb128 0x2
 620 00b4 08       		.byte	0x8
 621 00b5 04       		.byte	0x4
 622 00b6 6B020000 		.4byte	.LASF17
 623 00ba 05       		.uleb128 0x5
 624 00bb 56000000 		.4byte	.LASF44
 625 00bf 01       		.byte	0x1
 626 00c0 1B       		.byte	0x1b
 627 00c1 00000000 		.4byte	.LFB35
 628 00c5 28000000 		.4byte	.LFE35-.LFB35
 629 00c9 01       		.uleb128 0x1
 630 00ca 9C       		.byte	0x9c
 631 00cb 3E010000 		.4byte	0x13e
 632 00cf 06       		.uleb128 0x6
 633 00d0 08000000 		.4byte	.LVL0
 634 00d4 77060000 		.4byte	0x677
ARM GAS  C:\Users\Admin\AppData\Local\Temp\ccvNcpUb.s 			page 14


 635 00d8 E2000000 		.4byte	0xe2
 636 00dc 07       		.uleb128 0x7
 637 00dd 01       		.uleb128 0x1
 638 00de 50       		.byte	0x50
 639 00df 01       		.uleb128 0x1
 640 00e0 30       		.byte	0x30
 641 00e1 00       		.byte	0
 642 00e2 06       		.uleb128 0x6
 643 00e3 0E000000 		.4byte	.LVL1
 644 00e7 82060000 		.4byte	0x682
 645 00eb F5000000 		.4byte	0xf5
 646 00ef 07       		.uleb128 0x7
 647 00f0 01       		.uleb128 0x1
 648 00f1 50       		.byte	0x50
 649 00f2 01       		.uleb128 0x1
 650 00f3 3A       		.byte	0x3a
 651 00f4 00       		.byte	0
 652 00f5 06       		.uleb128 0x6
 653 00f6 14000000 		.4byte	.LVL2
 654 00fa 77060000 		.4byte	0x677
 655 00fe 08010000 		.4byte	0x108
 656 0102 07       		.uleb128 0x7
 657 0103 01       		.uleb128 0x1
 658 0104 50       		.byte	0x50
 659 0105 01       		.uleb128 0x1
 660 0106 31       		.byte	0x31
 661 0107 00       		.byte	0
 662 0108 06       		.uleb128 0x6
 663 0109 1A000000 		.4byte	.LVL3
 664 010d 82060000 		.4byte	0x682
 665 0111 1B010000 		.4byte	0x11b
 666 0115 07       		.uleb128 0x7
 667 0116 01       		.uleb128 0x1
 668 0117 50       		.byte	0x50
 669 0118 01       		.uleb128 0x1
 670 0119 3A       		.byte	0x3a
 671 011a 00       		.byte	0
 672 011b 06       		.uleb128 0x6
 673 011c 20000000 		.4byte	.LVL4
 674 0120 77060000 		.4byte	0x677
 675 0124 2E010000 		.4byte	0x12e
 676 0128 07       		.uleb128 0x7
 677 0129 01       		.uleb128 0x1
 678 012a 50       		.byte	0x50
 679 012b 01       		.uleb128 0x1
 680 012c 30       		.byte	0x30
 681 012d 00       		.byte	0
 682 012e 08       		.uleb128 0x8
 683 012f 26000000 		.4byte	.LVL5
 684 0133 82060000 		.4byte	0x682
 685 0137 07       		.uleb128 0x7
 686 0138 01       		.uleb128 0x1
 687 0139 50       		.byte	0x50
 688 013a 01       		.uleb128 0x1
 689 013b 3A       		.byte	0x3a
 690 013c 00       		.byte	0
 691 013d 00       		.byte	0
ARM GAS  C:\Users\Admin\AppData\Local\Temp\ccvNcpUb.s 			page 15


 692 013e 09       		.uleb128 0x9
 693 013f 40010000 		.4byte	.LASF45
 694 0143 01       		.byte	0x1
 695 0144 25       		.byte	0x25
 696 0145 F8040000 		.4byte	0x4f8
 697 0149 00000000 		.4byte	.LFB36
 698 014d E4010000 		.4byte	.LFE36-.LFB36
 699 0151 01       		.uleb128 0x1
 700 0152 9C       		.byte	0x9c
 701 0153 F8040000 		.4byte	0x4f8
 702 0157 0A       		.uleb128 0xa
 703 0158 00000000 		.4byte	.Ldebug_ranges0+0
 704 015c AA030000 		.4byte	0x3aa
 705 0160 0B       		.uleb128 0xb
 706 0161 7600     		.ascii	"v\000"
 707 0163 01       		.byte	0x1
 708 0164 27       		.byte	0x27
 709 0165 8C000000 		.4byte	0x8c
 710 0169 00000000 		.4byte	.LLST0
 711 016d 0A       		.uleb128 0xa
 712 016e 18000000 		.4byte	.Ldebug_ranges0+0x18
 713 0172 7F020000 		.4byte	0x27f
 714 0176 0B       		.uleb128 0xb
 715 0177 6900     		.ascii	"i\000"
 716 0179 01       		.byte	0x1
 717 017a 31       		.byte	0x31
 718 017b 81000000 		.4byte	0x81
 719 017f 35000000 		.4byte	.LLST1
 720 0183 06       		.uleb128 0x6
 721 0184 AE000000 		.4byte	.LVL27
 722 0188 8D060000 		.4byte	0x68d
 723 018c 97010000 		.4byte	0x197
 724 0190 07       		.uleb128 0x7
 725 0191 01       		.uleb128 0x1
 726 0192 50       		.byte	0x50
 727 0193 02       		.uleb128 0x2
 728 0194 74       		.byte	0x74
 729 0195 00       		.sleb128 0
 730 0196 00       		.byte	0
 731 0197 06       		.uleb128 0x6
 732 0198 B4000000 		.4byte	.LVL28
 733 019c 98060000 		.4byte	0x698
 734 01a0 AB010000 		.4byte	0x1ab
 735 01a4 07       		.uleb128 0x7
 736 01a5 01       		.uleb128 0x1
 737 01a6 50       		.byte	0x50
 738 01a7 02       		.uleb128 0x2
 739 01a8 74       		.byte	0x74
 740 01a9 00       		.sleb128 0
 741 01aa 00       		.byte	0
 742 01ab 06       		.uleb128 0x6
 743 01ac BA000000 		.4byte	.LVL29
 744 01b0 A3060000 		.4byte	0x6a3
 745 01b4 BF010000 		.4byte	0x1bf
 746 01b8 07       		.uleb128 0x7
 747 01b9 01       		.uleb128 0x1
 748 01ba 50       		.byte	0x50
ARM GAS  C:\Users\Admin\AppData\Local\Temp\ccvNcpUb.s 			page 16


 749 01bb 02       		.uleb128 0x2
 750 01bc 74       		.byte	0x74
 751 01bd 00       		.sleb128 0
 752 01be 00       		.byte	0
 753 01bf 06       		.uleb128 0x6
 754 01c0 C0000000 		.4byte	.LVL30
 755 01c4 AE060000 		.4byte	0x6ae
 756 01c8 D3010000 		.4byte	0x1d3
 757 01cc 07       		.uleb128 0x7
 758 01cd 01       		.uleb128 0x1
 759 01ce 50       		.byte	0x50
 760 01cf 02       		.uleb128 0x2
 761 01d0 74       		.byte	0x74
 762 01d1 00       		.sleb128 0
 763 01d2 00       		.byte	0
 764 01d3 06       		.uleb128 0x6
 765 01d4 C6000000 		.4byte	.LVL31
 766 01d8 B9060000 		.4byte	0x6b9
 767 01dc E7010000 		.4byte	0x1e7
 768 01e0 07       		.uleb128 0x7
 769 01e1 01       		.uleb128 0x1
 770 01e2 50       		.byte	0x50
 771 01e3 02       		.uleb128 0x2
 772 01e4 74       		.byte	0x74
 773 01e5 00       		.sleb128 0
 774 01e6 00       		.byte	0
 775 01e7 06       		.uleb128 0x6
 776 01e8 CC000000 		.4byte	.LVL32
 777 01ec C4060000 		.4byte	0x6c4
 778 01f0 FB010000 		.4byte	0x1fb
 779 01f4 07       		.uleb128 0x7
 780 01f5 01       		.uleb128 0x1
 781 01f6 50       		.byte	0x50
 782 01f7 02       		.uleb128 0x2
 783 01f8 74       		.byte	0x74
 784 01f9 00       		.sleb128 0
 785 01fa 00       		.byte	0
 786 01fb 06       		.uleb128 0x6
 787 01fc D2000000 		.4byte	.LVL33
 788 0200 CF060000 		.4byte	0x6cf
 789 0204 0F020000 		.4byte	0x20f
 790 0208 07       		.uleb128 0x7
 791 0209 01       		.uleb128 0x1
 792 020a 50       		.byte	0x50
 793 020b 02       		.uleb128 0x2
 794 020c 74       		.byte	0x74
 795 020d 00       		.sleb128 0
 796 020e 00       		.byte	0
 797 020f 06       		.uleb128 0x6
 798 0210 D8000000 		.4byte	.LVL34
 799 0214 DA060000 		.4byte	0x6da
 800 0218 23020000 		.4byte	0x223
 801 021c 07       		.uleb128 0x7
 802 021d 01       		.uleb128 0x1
 803 021e 50       		.byte	0x50
 804 021f 02       		.uleb128 0x2
 805 0220 74       		.byte	0x74
ARM GAS  C:\Users\Admin\AppData\Local\Temp\ccvNcpUb.s 			page 17


 806 0221 00       		.sleb128 0
 807 0222 00       		.byte	0
 808 0223 06       		.uleb128 0x6
 809 0224 DE000000 		.4byte	.LVL35
 810 0228 82060000 		.4byte	0x682
 811 022c 36020000 		.4byte	0x236
 812 0230 07       		.uleb128 0x7
 813 0231 01       		.uleb128 0x1
 814 0232 50       		.byte	0x50
 815 0233 01       		.uleb128 0x1
 816 0234 3A       		.byte	0x3a
 817 0235 00       		.byte	0
 818 0236 0C       		.uleb128 0xc
 819 0237 E2000000 		.4byte	.LVL36
 820 023b E5060000 		.4byte	0x6e5
 821 023f 0C       		.uleb128 0xc
 822 0240 E8000000 		.4byte	.LVL37
 823 0244 F0060000 		.4byte	0x6f0
 824 0248 0C       		.uleb128 0xc
 825 0249 F0000000 		.4byte	.LVL38
 826 024d FB060000 		.4byte	0x6fb
 827 0251 0C       		.uleb128 0xc
 828 0252 F8000000 		.4byte	.LVL39
 829 0256 06070000 		.4byte	0x706
 830 025a 0C       		.uleb128 0xc
 831 025b 00010000 		.4byte	.LVL40
 832 025f 11070000 		.4byte	0x711
 833 0263 0C       		.uleb128 0xc
 834 0264 08010000 		.4byte	.LVL41
 835 0268 1C070000 		.4byte	0x71c
 836 026c 0C       		.uleb128 0xc
 837 026d 10010000 		.4byte	.LVL42
 838 0271 27070000 		.4byte	0x727
 839 0275 0C       		.uleb128 0xc
 840 0276 18010000 		.4byte	.LVL43
 841 027a 32070000 		.4byte	0x732
 842 027e 00       		.byte	0
 843 027f 06       		.uleb128 0x6
 844 0280 10000000 		.4byte	.LVL8
 845 0284 8D060000 		.4byte	0x68d
 846 0288 96020000 		.4byte	0x296
 847 028c 07       		.uleb128 0x7
 848 028d 01       		.uleb128 0x1
 849 028e 50       		.byte	0x50
 850 028f 05       		.uleb128 0x5
 851 0290 74       		.byte	0x74
 852 0291 00       		.sleb128 0
 853 0292 76       		.byte	0x76
 854 0293 00       		.sleb128 0
 855 0294 1A       		.byte	0x1a
 856 0295 00       		.byte	0
 857 0296 06       		.uleb128 0x6
 858 0297 18000000 		.4byte	.LVL9
 859 029b 98060000 		.4byte	0x698
 860 029f AF020000 		.4byte	0x2af
 861 02a3 07       		.uleb128 0x7
 862 02a4 01       		.uleb128 0x1
ARM GAS  C:\Users\Admin\AppData\Local\Temp\ccvNcpUb.s 			page 18


 863 02a5 50       		.byte	0x50
 864 02a6 07       		.uleb128 0x7
 865 02a7 76       		.byte	0x76
 866 02a8 00       		.sleb128 0
 867 02a9 31       		.byte	0x31
 868 02aa 25       		.byte	0x25
 869 02ab 74       		.byte	0x74
 870 02ac 00       		.sleb128 0
 871 02ad 1A       		.byte	0x1a
 872 02ae 00       		.byte	0
 873 02af 06       		.uleb128 0x6
 874 02b0 20000000 		.4byte	.LVL10
 875 02b4 A3060000 		.4byte	0x6a3
 876 02b8 C8020000 		.4byte	0x2c8
 877 02bc 07       		.uleb128 0x7
 878 02bd 01       		.uleb128 0x1
 879 02be 50       		.byte	0x50
 880 02bf 07       		.uleb128 0x7
 881 02c0 76       		.byte	0x76
 882 02c1 00       		.sleb128 0
 883 02c2 32       		.byte	0x32
 884 02c3 25       		.byte	0x25
 885 02c4 74       		.byte	0x74
 886 02c5 00       		.sleb128 0
 887 02c6 1A       		.byte	0x1a
 888 02c7 00       		.byte	0
 889 02c8 06       		.uleb128 0x6
 890 02c9 28000000 		.4byte	.LVL11
 891 02cd AE060000 		.4byte	0x6ae
 892 02d1 E1020000 		.4byte	0x2e1
 893 02d5 07       		.uleb128 0x7
 894 02d6 01       		.uleb128 0x1
 895 02d7 50       		.byte	0x50
 896 02d8 07       		.uleb128 0x7
 897 02d9 76       		.byte	0x76
 898 02da 00       		.sleb128 0
 899 02db 33       		.byte	0x33
 900 02dc 25       		.byte	0x25
 901 02dd 74       		.byte	0x74
 902 02de 00       		.sleb128 0
 903 02df 1A       		.byte	0x1a
 904 02e0 00       		.byte	0
 905 02e1 06       		.uleb128 0x6
 906 02e2 30000000 		.4byte	.LVL12
 907 02e6 B9060000 		.4byte	0x6b9
 908 02ea FA020000 		.4byte	0x2fa
 909 02ee 07       		.uleb128 0x7
 910 02ef 01       		.uleb128 0x1
 911 02f0 50       		.byte	0x50
 912 02f1 07       		.uleb128 0x7
 913 02f2 76       		.byte	0x76
 914 02f3 00       		.sleb128 0
 915 02f4 34       		.byte	0x34
 916 02f5 25       		.byte	0x25
 917 02f6 74       		.byte	0x74
 918 02f7 00       		.sleb128 0
 919 02f8 1A       		.byte	0x1a
ARM GAS  C:\Users\Admin\AppData\Local\Temp\ccvNcpUb.s 			page 19


 920 02f9 00       		.byte	0
 921 02fa 06       		.uleb128 0x6
 922 02fb 38000000 		.4byte	.LVL13
 923 02ff C4060000 		.4byte	0x6c4
 924 0303 13030000 		.4byte	0x313
 925 0307 07       		.uleb128 0x7
 926 0308 01       		.uleb128 0x1
 927 0309 50       		.byte	0x50
 928 030a 07       		.uleb128 0x7
 929 030b 76       		.byte	0x76
 930 030c 00       		.sleb128 0
 931 030d 35       		.byte	0x35
 932 030e 25       		.byte	0x25
 933 030f 74       		.byte	0x74
 934 0310 00       		.sleb128 0
 935 0311 1A       		.byte	0x1a
 936 0312 00       		.byte	0
 937 0313 06       		.uleb128 0x6
 938 0314 40000000 		.4byte	.LVL14
 939 0318 CF060000 		.4byte	0x6cf
 940 031c 2C030000 		.4byte	0x32c
 941 0320 07       		.uleb128 0x7
 942 0321 01       		.uleb128 0x1
 943 0322 50       		.byte	0x50
 944 0323 07       		.uleb128 0x7
 945 0324 76       		.byte	0x76
 946 0325 00       		.sleb128 0
 947 0326 36       		.byte	0x36
 948 0327 25       		.byte	0x25
 949 0328 74       		.byte	0x74
 950 0329 00       		.sleb128 0
 951 032a 1A       		.byte	0x1a
 952 032b 00       		.byte	0
 953 032c 06       		.uleb128 0x6
 954 032d 48000000 		.4byte	.LVL15
 955 0331 DA060000 		.4byte	0x6da
 956 0335 45030000 		.4byte	0x345
 957 0339 07       		.uleb128 0x7
 958 033a 01       		.uleb128 0x1
 959 033b 50       		.byte	0x50
 960 033c 07       		.uleb128 0x7
 961 033d 76       		.byte	0x76
 962 033e 00       		.sleb128 0
 963 033f 37       		.byte	0x37
 964 0340 25       		.byte	0x25
 965 0341 74       		.byte	0x74
 966 0342 00       		.sleb128 0
 967 0343 1A       		.byte	0x1a
 968 0344 00       		.byte	0
 969 0345 06       		.uleb128 0x6
 970 0346 4E000000 		.4byte	.LVL16
 971 034a 82060000 		.4byte	0x682
 972 034e 58030000 		.4byte	0x358
 973 0352 07       		.uleb128 0x7
 974 0353 01       		.uleb128 0x1
 975 0354 50       		.byte	0x50
 976 0355 01       		.uleb128 0x1
ARM GAS  C:\Users\Admin\AppData\Local\Temp\ccvNcpUb.s 			page 20


 977 0356 3A       		.byte	0x3a
 978 0357 00       		.byte	0
 979 0358 0C       		.uleb128 0xc
 980 0359 52000000 		.4byte	.LVL17
 981 035d BA000000 		.4byte	0xba
 982 0361 0C       		.uleb128 0xc
 983 0362 56000000 		.4byte	.LVL18
 984 0366 E5060000 		.4byte	0x6e5
 985 036a 0C       		.uleb128 0xc
 986 036b 5C000000 		.4byte	.LVL19
 987 036f F0060000 		.4byte	0x6f0
 988 0373 0C       		.uleb128 0xc
 989 0374 64000000 		.4byte	.LVL20
 990 0378 FB060000 		.4byte	0x6fb
 991 037c 0C       		.uleb128 0xc
 992 037d 6C000000 		.4byte	.LVL21
 993 0381 06070000 		.4byte	0x706
 994 0385 0C       		.uleb128 0xc
 995 0386 74000000 		.4byte	.LVL22
 996 038a 11070000 		.4byte	0x711
 997 038e 0C       		.uleb128 0xc
 998 038f 7C000000 		.4byte	.LVL23
 999 0393 1C070000 		.4byte	0x71c
 1000 0397 0C       		.uleb128 0xc
 1001 0398 84000000 		.4byte	.LVL24
 1002 039c 27070000 		.4byte	0x727
 1003 03a0 0C       		.uleb128 0xc
 1004 03a1 8C000000 		.4byte	.LVL25
 1005 03a5 32070000 		.4byte	0x732
 1006 03a9 00       		.byte	0
 1007 03aa 0D       		.uleb128 0xd
 1008 03ab 30000000 		.4byte	.Ldebug_ranges0+0x30
 1009 03af 0B       		.uleb128 0xb
 1010 03b0 6200     		.ascii	"b\000"
 1011 03b2 01       		.byte	0x1
 1012 03b3 3B       		.byte	0x3b
 1013 03b4 81000000 		.4byte	0x81
 1014 03b8 5E000000 		.4byte	.LLST2
 1015 03bc 0D       		.uleb128 0xd
 1016 03bd 50000000 		.4byte	.Ldebug_ranges0+0x50
 1017 03c1 0B       		.uleb128 0xb
 1018 03c2 6D00     		.ascii	"m\000"
 1019 03c4 01       		.byte	0x1
 1020 03c5 3D       		.byte	0x3d
 1021 03c6 81000000 		.4byte	0x81
 1022 03ca 87000000 		.4byte	.LLST3
 1023 03ce 06       		.uleb128 0x6
 1024 03cf 46010000 		.4byte	.LVL50
 1025 03d3 8D060000 		.4byte	0x68d
 1026 03d7 E5030000 		.4byte	0x3e5
 1027 03db 07       		.uleb128 0x7
 1028 03dc 01       		.uleb128 0x1
 1029 03dd 50       		.byte	0x50
 1030 03de 05       		.uleb128 0x5
 1031 03df 75       		.byte	0x75
 1032 03e0 00       		.sleb128 0
 1033 03e1 74       		.byte	0x74
ARM GAS  C:\Users\Admin\AppData\Local\Temp\ccvNcpUb.s 			page 21


 1034 03e2 00       		.sleb128 0
 1035 03e3 1A       		.byte	0x1a
 1036 03e4 00       		.byte	0
 1037 03e5 06       		.uleb128 0x6
 1038 03e6 4E010000 		.4byte	.LVL51
 1039 03ea 98060000 		.4byte	0x698
 1040 03ee FE030000 		.4byte	0x3fe
 1041 03f2 07       		.uleb128 0x7
 1042 03f3 01       		.uleb128 0x1
 1043 03f4 50       		.byte	0x50
 1044 03f5 07       		.uleb128 0x7
 1045 03f6 74       		.byte	0x74
 1046 03f7 00       		.sleb128 0
 1047 03f8 31       		.byte	0x31
 1048 03f9 25       		.byte	0x25
 1049 03fa 75       		.byte	0x75
 1050 03fb 00       		.sleb128 0
 1051 03fc 1A       		.byte	0x1a
 1052 03fd 00       		.byte	0
 1053 03fe 06       		.uleb128 0x6
 1054 03ff 56010000 		.4byte	.LVL52
 1055 0403 A3060000 		.4byte	0x6a3
 1056 0407 17040000 		.4byte	0x417
 1057 040b 07       		.uleb128 0x7
 1058 040c 01       		.uleb128 0x1
 1059 040d 50       		.byte	0x50
 1060 040e 07       		.uleb128 0x7
 1061 040f 74       		.byte	0x74
 1062 0410 00       		.sleb128 0
 1063 0411 32       		.byte	0x32
 1064 0412 25       		.byte	0x25
 1065 0413 75       		.byte	0x75
 1066 0414 00       		.sleb128 0
 1067 0415 1A       		.byte	0x1a
 1068 0416 00       		.byte	0
 1069 0417 06       		.uleb128 0x6
 1070 0418 5E010000 		.4byte	.LVL53
 1071 041c AE060000 		.4byte	0x6ae
 1072 0420 30040000 		.4byte	0x430
 1073 0424 07       		.uleb128 0x7
 1074 0425 01       		.uleb128 0x1
 1075 0426 50       		.byte	0x50
 1076 0427 07       		.uleb128 0x7
 1077 0428 74       		.byte	0x74
 1078 0429 00       		.sleb128 0
 1079 042a 33       		.byte	0x33
 1080 042b 25       		.byte	0x25
 1081 042c 75       		.byte	0x75
 1082 042d 00       		.sleb128 0
 1083 042e 1A       		.byte	0x1a
 1084 042f 00       		.byte	0
 1085 0430 06       		.uleb128 0x6
 1086 0431 66010000 		.4byte	.LVL54
 1087 0435 B9060000 		.4byte	0x6b9
 1088 0439 49040000 		.4byte	0x449
 1089 043d 07       		.uleb128 0x7
 1090 043e 01       		.uleb128 0x1
ARM GAS  C:\Users\Admin\AppData\Local\Temp\ccvNcpUb.s 			page 22


 1091 043f 50       		.byte	0x50
 1092 0440 07       		.uleb128 0x7
 1093 0441 74       		.byte	0x74
 1094 0442 00       		.sleb128 0
 1095 0443 34       		.byte	0x34
 1096 0444 25       		.byte	0x25
 1097 0445 75       		.byte	0x75
 1098 0446 00       		.sleb128 0
 1099 0447 1A       		.byte	0x1a
 1100 0448 00       		.byte	0
 1101 0449 06       		.uleb128 0x6
 1102 044a 6E010000 		.4byte	.LVL55
 1103 044e C4060000 		.4byte	0x6c4
 1104 0452 62040000 		.4byte	0x462
 1105 0456 07       		.uleb128 0x7
 1106 0457 01       		.uleb128 0x1
 1107 0458 50       		.byte	0x50
 1108 0459 07       		.uleb128 0x7
 1109 045a 74       		.byte	0x74
 1110 045b 00       		.sleb128 0
 1111 045c 35       		.byte	0x35
 1112 045d 25       		.byte	0x25
 1113 045e 75       		.byte	0x75
 1114 045f 00       		.sleb128 0
 1115 0460 1A       		.byte	0x1a
 1116 0461 00       		.byte	0
 1117 0462 06       		.uleb128 0x6
 1118 0463 76010000 		.4byte	.LVL56
 1119 0467 CF060000 		.4byte	0x6cf
 1120 046b 7B040000 		.4byte	0x47b
 1121 046f 07       		.uleb128 0x7
 1122 0470 01       		.uleb128 0x1
 1123 0471 50       		.byte	0x50
 1124 0472 07       		.uleb128 0x7
 1125 0473 74       		.byte	0x74
 1126 0474 00       		.sleb128 0
 1127 0475 36       		.byte	0x36
 1128 0476 25       		.byte	0x25
 1129 0477 75       		.byte	0x75
 1130 0478 00       		.sleb128 0
 1131 0479 1A       		.byte	0x1a
 1132 047a 00       		.byte	0
 1133 047b 06       		.uleb128 0x6
 1134 047c 7C010000 		.4byte	.LVL57
 1135 0480 DA060000 		.4byte	0x6da
 1136 0484 91040000 		.4byte	0x491
 1137 0488 07       		.uleb128 0x7
 1138 0489 01       		.uleb128 0x1
 1139 048a 50       		.byte	0x50
 1140 048b 04       		.uleb128 0x4
 1141 048c 74       		.byte	0x74
 1142 048d 00       		.sleb128 0
 1143 048e 37       		.byte	0x37
 1144 048f 25       		.byte	0x25
 1145 0490 00       		.byte	0
 1146 0491 06       		.uleb128 0x6
 1147 0492 82010000 		.4byte	.LVL58
ARM GAS  C:\Users\Admin\AppData\Local\Temp\ccvNcpUb.s 			page 23


 1148 0496 82060000 		.4byte	0x682
 1149 049a A4040000 		.4byte	0x4a4
 1150 049e 07       		.uleb128 0x7
 1151 049f 01       		.uleb128 0x1
 1152 04a0 50       		.byte	0x50
 1153 04a1 01       		.uleb128 0x1
 1154 04a2 3A       		.byte	0x3a
 1155 04a3 00       		.byte	0
 1156 04a4 0C       		.uleb128 0xc
 1157 04a5 86010000 		.4byte	.LVL59
 1158 04a9 BA000000 		.4byte	0xba
 1159 04ad 0C       		.uleb128 0xc
 1160 04ae 8A010000 		.4byte	.LVL60
 1161 04b2 E5060000 		.4byte	0x6e5
 1162 04b6 0C       		.uleb128 0xc
 1163 04b7 90010000 		.4byte	.LVL62
 1164 04bb F0060000 		.4byte	0x6f0
 1165 04bf 0C       		.uleb128 0xc
 1166 04c0 98010000 		.4byte	.LVL63
 1167 04c4 FB060000 		.4byte	0x6fb
 1168 04c8 0C       		.uleb128 0xc
 1169 04c9 A0010000 		.4byte	.LVL64
 1170 04cd 06070000 		.4byte	0x706
 1171 04d1 0C       		.uleb128 0xc
 1172 04d2 A8010000 		.4byte	.LVL65
 1173 04d6 11070000 		.4byte	0x711
 1174 04da 0C       		.uleb128 0xc
 1175 04db B0010000 		.4byte	.LVL66
 1176 04df 1C070000 		.4byte	0x71c
 1177 04e3 0C       		.uleb128 0xc
 1178 04e4 B8010000 		.4byte	.LVL67
 1179 04e8 27070000 		.4byte	0x727
 1180 04ec 0C       		.uleb128 0xc
 1181 04ed C0010000 		.4byte	.LVL68
 1182 04f1 32070000 		.4byte	0x732
 1183 04f5 00       		.byte	0
 1184 04f6 00       		.byte	0
 1185 04f7 00       		.byte	0
 1186 04f8 02       		.uleb128 0x2
 1187 04f9 01       		.byte	0x1
 1188 04fa 02       		.byte	0x2
 1189 04fb 83020000 		.4byte	.LASF18
 1190 04ff 0E       		.uleb128 0xe
 1191 0500 80010000 		.4byte	.LASF46
 1192 0504 01       		.byte	0x1
 1193 0505 49       		.byte	0x49
 1194 0506 73000000 		.4byte	0x73
 1195 050a 00000000 		.4byte	.LFB37
 1196 050e 7E000000 		.4byte	.LFE37-.LFB37
 1197 0512 01       		.uleb128 0x1
 1198 0513 9C       		.byte	0x9c
 1199 0514 77060000 		.4byte	0x677
 1200 0518 06       		.uleb128 0x6
 1201 0519 0A000000 		.4byte	.LVL76
 1202 051d 3D070000 		.4byte	0x73d
 1203 0521 2B050000 		.4byte	0x52b
 1204 0525 07       		.uleb128 0x7
ARM GAS  C:\Users\Admin\AppData\Local\Temp\ccvNcpUb.s 			page 24


 1205 0526 01       		.uleb128 0x1
 1206 0527 50       		.byte	0x50
 1207 0528 01       		.uleb128 0x1
 1208 0529 30       		.byte	0x30
 1209 052a 00       		.byte	0
 1210 052b 06       		.uleb128 0x6
 1211 052c 10000000 		.4byte	.LVL77
 1212 0530 77060000 		.4byte	0x677
 1213 0534 3E050000 		.4byte	0x53e
 1214 0538 07       		.uleb128 0x7
 1215 0539 01       		.uleb128 0x1
 1216 053a 50       		.byte	0x50
 1217 053b 01       		.uleb128 0x1
 1218 053c 30       		.byte	0x30
 1219 053d 00       		.byte	0
 1220 053e 06       		.uleb128 0x6
 1221 053f 16000000 		.4byte	.LVL78
 1222 0543 8D060000 		.4byte	0x68d
 1223 0547 51050000 		.4byte	0x551
 1224 054b 07       		.uleb128 0x7
 1225 054c 01       		.uleb128 0x1
 1226 054d 50       		.byte	0x50
 1227 054e 01       		.uleb128 0x1
 1228 054f 30       		.byte	0x30
 1229 0550 00       		.byte	0
 1230 0551 06       		.uleb128 0x6
 1231 0552 1C000000 		.4byte	.LVL79
 1232 0556 98060000 		.4byte	0x698
 1233 055a 64050000 		.4byte	0x564
 1234 055e 07       		.uleb128 0x7
 1235 055f 01       		.uleb128 0x1
 1236 0560 50       		.byte	0x50
 1237 0561 01       		.uleb128 0x1
 1238 0562 30       		.byte	0x30
 1239 0563 00       		.byte	0
 1240 0564 06       		.uleb128 0x6
 1241 0565 22000000 		.4byte	.LVL80
 1242 0569 A3060000 		.4byte	0x6a3
 1243 056d 77050000 		.4byte	0x577
 1244 0571 07       		.uleb128 0x7
 1245 0572 01       		.uleb128 0x1
 1246 0573 50       		.byte	0x50
 1247 0574 01       		.uleb128 0x1
 1248 0575 30       		.byte	0x30
 1249 0576 00       		.byte	0
 1250 0577 06       		.uleb128 0x6
 1251 0578 28000000 		.4byte	.LVL81
 1252 057c AE060000 		.4byte	0x6ae
 1253 0580 8A050000 		.4byte	0x58a
 1254 0584 07       		.uleb128 0x7
 1255 0585 01       		.uleb128 0x1
 1256 0586 50       		.byte	0x50
 1257 0587 01       		.uleb128 0x1
 1258 0588 30       		.byte	0x30
 1259 0589 00       		.byte	0
 1260 058a 06       		.uleb128 0x6
 1261 058b 2E000000 		.4byte	.LVL82
ARM GAS  C:\Users\Admin\AppData\Local\Temp\ccvNcpUb.s 			page 25


 1262 058f B9060000 		.4byte	0x6b9
 1263 0593 9D050000 		.4byte	0x59d
 1264 0597 07       		.uleb128 0x7
 1265 0598 01       		.uleb128 0x1
 1266 0599 50       		.byte	0x50
 1267 059a 01       		.uleb128 0x1
 1268 059b 30       		.byte	0x30
 1269 059c 00       		.byte	0
 1270 059d 06       		.uleb128 0x6
 1271 059e 34000000 		.4byte	.LVL83
 1272 05a2 C4060000 		.4byte	0x6c4
 1273 05a6 B0050000 		.4byte	0x5b0
 1274 05aa 07       		.uleb128 0x7
 1275 05ab 01       		.uleb128 0x1
 1276 05ac 50       		.byte	0x50
 1277 05ad 01       		.uleb128 0x1
 1278 05ae 30       		.byte	0x30
 1279 05af 00       		.byte	0
 1280 05b0 06       		.uleb128 0x6
 1281 05b1 3A000000 		.4byte	.LVL84
 1282 05b5 CF060000 		.4byte	0x6cf
 1283 05b9 C3050000 		.4byte	0x5c3
 1284 05bd 07       		.uleb128 0x7
 1285 05be 01       		.uleb128 0x1
 1286 05bf 50       		.byte	0x50
 1287 05c0 01       		.uleb128 0x1
 1288 05c1 30       		.byte	0x30
 1289 05c2 00       		.byte	0
 1290 05c3 06       		.uleb128 0x6
 1291 05c4 40000000 		.4byte	.LVL85
 1292 05c8 DA060000 		.4byte	0x6da
 1293 05cc D6050000 		.4byte	0x5d6
 1294 05d0 07       		.uleb128 0x7
 1295 05d1 01       		.uleb128 0x1
 1296 05d2 50       		.byte	0x50
 1297 05d3 01       		.uleb128 0x1
 1298 05d4 30       		.byte	0x30
 1299 05d5 00       		.byte	0
 1300 05d6 06       		.uleb128 0x6
 1301 05d7 46000000 		.4byte	.LVL86
 1302 05db 48070000 		.4byte	0x748
 1303 05df E9050000 		.4byte	0x5e9
 1304 05e3 07       		.uleb128 0x7
 1305 05e4 01       		.uleb128 0x1
 1306 05e5 50       		.byte	0x50
 1307 05e6 01       		.uleb128 0x1
 1308 05e7 30       		.byte	0x30
 1309 05e8 00       		.byte	0
 1310 05e9 06       		.uleb128 0x6
 1311 05ea 4C000000 		.4byte	.LVL87
 1312 05ee 53070000 		.4byte	0x753
 1313 05f2 FC050000 		.4byte	0x5fc
 1314 05f6 07       		.uleb128 0x7
 1315 05f7 01       		.uleb128 0x1
 1316 05f8 50       		.byte	0x50
 1317 05f9 01       		.uleb128 0x1
 1318 05fa 30       		.byte	0x30
ARM GAS  C:\Users\Admin\AppData\Local\Temp\ccvNcpUb.s 			page 26


 1319 05fb 00       		.byte	0
 1320 05fc 06       		.uleb128 0x6
 1321 05fd 52000000 		.4byte	.LVL88
 1322 0601 5E070000 		.4byte	0x75e
 1323 0605 10060000 		.4byte	0x610
 1324 0609 07       		.uleb128 0x7
 1325 060a 01       		.uleb128 0x1
 1326 060b 50       		.byte	0x50
 1327 060c 02       		.uleb128 0x2
 1328 060d 08       		.byte	0x8
 1329 060e 64       		.byte	0x64
 1330 060f 00       		.byte	0
 1331 0610 0C       		.uleb128 0xc
 1332 0611 56000000 		.4byte	.LVL89
 1333 0615 3E010000 		.4byte	0x13e
 1334 0619 06       		.uleb128 0x6
 1335 061a 60000000 		.4byte	.LVL90
 1336 061e 48070000 		.4byte	0x748
 1337 0622 2C060000 		.4byte	0x62c
 1338 0626 07       		.uleb128 0x7
 1339 0627 01       		.uleb128 0x1
 1340 0628 50       		.byte	0x50
 1341 0629 01       		.uleb128 0x1
 1342 062a 31       		.byte	0x31
 1343 062b 00       		.byte	0
 1344 062c 06       		.uleb128 0x6
 1345 062d 66000000 		.4byte	.LVL91
 1346 0631 53070000 		.4byte	0x753
 1347 0635 3F060000 		.4byte	0x63f
 1348 0639 07       		.uleb128 0x7
 1349 063a 01       		.uleb128 0x1
 1350 063b 50       		.byte	0x50
 1351 063c 01       		.uleb128 0x1
 1352 063d 30       		.byte	0x30
 1353 063e 00       		.byte	0
 1354 063f 06       		.uleb128 0x6
 1355 0640 6E000000 		.4byte	.LVL92
 1356 0644 48070000 		.4byte	0x748
 1357 0648 52060000 		.4byte	0x652
 1358 064c 07       		.uleb128 0x7
 1359 064d 01       		.uleb128 0x1
 1360 064e 50       		.byte	0x50
 1361 064f 01       		.uleb128 0x1
 1362 0650 30       		.byte	0x30
 1363 0651 00       		.byte	0
 1364 0652 06       		.uleb128 0x6
 1365 0653 74000000 		.4byte	.LVL93
 1366 0657 53070000 		.4byte	0x753
 1367 065b 65060000 		.4byte	0x665
 1368 065f 07       		.uleb128 0x7
 1369 0660 01       		.uleb128 0x1
 1370 0661 50       		.byte	0x50
 1371 0662 01       		.uleb128 0x1
 1372 0663 31       		.byte	0x31
 1373 0664 00       		.byte	0
 1374 0665 08       		.uleb128 0x8
 1375 0666 7C000000 		.4byte	.LVL94
ARM GAS  C:\Users\Admin\AppData\Local\Temp\ccvNcpUb.s 			page 27


 1376 066a 5E070000 		.4byte	0x75e
 1377 066e 07       		.uleb128 0x7
 1378 066f 01       		.uleb128 0x1
 1379 0670 50       		.byte	0x50
 1380 0671 03       		.uleb128 0x3
 1381 0672 0A       		.byte	0xa
 1382 0673 E803     		.2byte	0x3e8
 1383 0675 00       		.byte	0
 1384 0676 00       		.byte	0
 1385 0677 0F       		.uleb128 0xf
 1386 0678 AD000000 		.4byte	.LASF19
 1387 067c AD000000 		.4byte	.LASF19
 1388 0680 04       		.byte	0x4
 1389 0681 33       		.byte	0x33
 1390 0682 0F       		.uleb128 0xf
 1391 0683 1A010000 		.4byte	.LASF20
 1392 0687 1A010000 		.4byte	.LASF20
 1393 068b 05       		.byte	0x5
 1394 068c ED       		.byte	0xed
 1395 068d 0F       		.uleb128 0xf
 1396 068e 4B020000 		.4byte	.LASF21
 1397 0692 4B020000 		.4byte	.LASF21
 1398 0696 06       		.byte	0x6
 1399 0697 33       		.byte	0x33
 1400 0698 0F       		.uleb128 0xf
 1401 0699 89020000 		.4byte	.LASF22
 1402 069d 89020000 		.4byte	.LASF22
 1403 06a1 07       		.byte	0x7
 1404 06a2 33       		.byte	0x33
 1405 06a3 0F       		.uleb128 0xf
 1406 06a4 12000000 		.4byte	.LASF23
 1407 06a8 12000000 		.4byte	.LASF23
 1408 06ac 08       		.byte	0x8
 1409 06ad 33       		.byte	0x33
 1410 06ae 0F       		.uleb128 0xf
 1411 06af 11010000 		.4byte	.LASF24
 1412 06b3 11010000 		.4byte	.LASF24
 1413 06b7 09       		.byte	0x9
 1414 06b8 33       		.byte	0x33
 1415 06b9 0F       		.uleb128 0xf
 1416 06ba 23000000 		.4byte	.LASF25
 1417 06be 23000000 		.4byte	.LASF25
 1418 06c2 0A       		.byte	0xa
 1419 06c3 33       		.byte	0x33
 1420 06c4 0F       		.uleb128 0xf
 1421 06c5 3F000000 		.4byte	.LASF26
 1422 06c9 3F000000 		.4byte	.LASF26
 1423 06cd 0B       		.byte	0xb
 1424 06ce 33       		.byte	0x33
 1425 06cf 0F       		.uleb128 0xf
 1426 06d0 68000000 		.4byte	.LASF27
 1427 06d4 68000000 		.4byte	.LASF27
 1428 06d8 0C       		.byte	0xc
 1429 06d9 33       		.byte	0x33
 1430 06da 0F       		.uleb128 0xf
 1431 06db EB000000 		.4byte	.LASF28
 1432 06df EB000000 		.4byte	.LASF28
ARM GAS  C:\Users\Admin\AppData\Local\Temp\ccvNcpUb.s 			page 28


 1433 06e3 0D       		.byte	0xd
 1434 06e4 33       		.byte	0x33
 1435 06e5 0F       		.uleb128 0xf
 1436 06e6 2C000000 		.4byte	.LASF29
 1437 06ea 2C000000 		.4byte	.LASF29
 1438 06ee 0E       		.byte	0xe
 1439 06ef 32       		.byte	0x32
 1440 06f0 0F       		.uleb128 0xf
 1441 06f1 E3000000 		.4byte	.LASF30
 1442 06f5 E3000000 		.4byte	.LASF30
 1443 06f9 0F       		.byte	0xf
 1444 06fa 32       		.byte	0x32
 1445 06fb 0F       		.uleb128 0xf
 1446 06fc 31020000 		.4byte	.LASF31
 1447 0700 31020000 		.4byte	.LASF31
 1448 0704 10       		.byte	0x10
 1449 0705 32       		.byte	0x32
 1450 0706 0F       		.uleb128 0xf
 1451 0707 1B000000 		.4byte	.LASF32
 1452 070b 1B000000 		.4byte	.LASF32
 1453 070f 11       		.byte	0x11
 1454 0710 32       		.byte	0x32
 1455 0711 0F       		.uleb128 0xf
 1456 0712 02010000 		.4byte	.LASF33
 1457 0716 02010000 		.4byte	.LASF33
 1458 071a 12       		.byte	0x12
 1459 071b 32       		.byte	0x32
 1460 071c 0F       		.uleb128 0xf
 1461 071d 43020000 		.4byte	.LASF34
 1462 0721 43020000 		.4byte	.LASF34
 1463 0725 13       		.byte	0x13
 1464 0726 32       		.byte	0x32
 1465 0727 0F       		.uleb128 0xf
 1466 0728 00000000 		.4byte	.LASF35
 1467 072c 00000000 		.4byte	.LASF35
 1468 0730 14       		.byte	0x14
 1469 0731 32       		.byte	0x32
 1470 0732 0F       		.uleb128 0xf
 1471 0733 DB000000 		.4byte	.LASF36
 1472 0737 DB000000 		.4byte	.LASF36
 1473 073b 15       		.byte	0x15
 1474 073c 32       		.byte	0x32
 1475 073d 0F       		.uleb128 0xf
 1476 073e 58010000 		.4byte	.LASF37
 1477 0742 58010000 		.4byte	.LASF37
 1478 0746 16       		.byte	0x16
 1479 0747 33       		.byte	0x33
 1480 0748 0F       		.uleb128 0xf
 1481 0749 24010000 		.4byte	.LASF38
 1482 074d 24010000 		.4byte	.LASF38
 1483 0751 17       		.byte	0x17
 1484 0752 33       		.byte	0x33
 1485 0753 0F       		.uleb128 0xf
 1486 0754 31010000 		.4byte	.LASF39
 1487 0758 31010000 		.4byte	.LASF39
 1488 075c 18       		.byte	0x18
 1489 075d 33       		.byte	0x33
ARM GAS  C:\Users\Admin\AppData\Local\Temp\ccvNcpUb.s 			page 29


 1490 075e 0F       		.uleb128 0xf
 1491 075f 48000000 		.4byte	.LASF40
 1492 0763 48000000 		.4byte	.LASF40
 1493 0767 05       		.byte	0x5
 1494 0768 EC       		.byte	0xec
 1495 0769 00       		.byte	0
 1496              		.section	.debug_abbrev,"",%progbits
 1497              	.Ldebug_abbrev0:
 1498 0000 01       		.uleb128 0x1
 1499 0001 11       		.uleb128 0x11
 1500 0002 01       		.byte	0x1
 1501 0003 25       		.uleb128 0x25
 1502 0004 0E       		.uleb128 0xe
 1503 0005 13       		.uleb128 0x13
 1504 0006 0B       		.uleb128 0xb
 1505 0007 03       		.uleb128 0x3
 1506 0008 0E       		.uleb128 0xe
 1507 0009 1B       		.uleb128 0x1b
 1508 000a 0E       		.uleb128 0xe
 1509 000b 55       		.uleb128 0x55
 1510 000c 17       		.uleb128 0x17
 1511 000d 11       		.uleb128 0x11
 1512 000e 01       		.uleb128 0x1
 1513 000f 10       		.uleb128 0x10
 1514 0010 17       		.uleb128 0x17
 1515 0011 00       		.byte	0
 1516 0012 00       		.byte	0
 1517 0013 02       		.uleb128 0x2
 1518 0014 24       		.uleb128 0x24
 1519 0015 00       		.byte	0
 1520 0016 0B       		.uleb128 0xb
 1521 0017 0B       		.uleb128 0xb
 1522 0018 3E       		.uleb128 0x3e
 1523 0019 0B       		.uleb128 0xb
 1524 001a 03       		.uleb128 0x3
 1525 001b 0E       		.uleb128 0xe
 1526 001c 00       		.byte	0
 1527 001d 00       		.byte	0
 1528 001e 03       		.uleb128 0x3
 1529 001f 16       		.uleb128 0x16
 1530 0020 00       		.byte	0
 1531 0021 03       		.uleb128 0x3
 1532 0022 0E       		.uleb128 0xe
 1533 0023 3A       		.uleb128 0x3a
 1534 0024 0B       		.uleb128 0xb
 1535 0025 3B       		.uleb128 0x3b
 1536 0026 0B       		.uleb128 0xb
 1537 0027 49       		.uleb128 0x49
 1538 0028 13       		.uleb128 0x13
 1539 0029 00       		.byte	0
 1540 002a 00       		.byte	0
 1541 002b 04       		.uleb128 0x4
 1542 002c 24       		.uleb128 0x24
 1543 002d 00       		.byte	0
 1544 002e 0B       		.uleb128 0xb
 1545 002f 0B       		.uleb128 0xb
 1546 0030 3E       		.uleb128 0x3e
ARM GAS  C:\Users\Admin\AppData\Local\Temp\ccvNcpUb.s 			page 30


 1547 0031 0B       		.uleb128 0xb
 1548 0032 03       		.uleb128 0x3
 1549 0033 08       		.uleb128 0x8
 1550 0034 00       		.byte	0
 1551 0035 00       		.byte	0
 1552 0036 05       		.uleb128 0x5
 1553 0037 2E       		.uleb128 0x2e
 1554 0038 01       		.byte	0x1
 1555 0039 3F       		.uleb128 0x3f
 1556 003a 19       		.uleb128 0x19
 1557 003b 03       		.uleb128 0x3
 1558 003c 0E       		.uleb128 0xe
 1559 003d 3A       		.uleb128 0x3a
 1560 003e 0B       		.uleb128 0xb
 1561 003f 3B       		.uleb128 0x3b
 1562 0040 0B       		.uleb128 0xb
 1563 0041 27       		.uleb128 0x27
 1564 0042 19       		.uleb128 0x19
 1565 0043 11       		.uleb128 0x11
 1566 0044 01       		.uleb128 0x1
 1567 0045 12       		.uleb128 0x12
 1568 0046 06       		.uleb128 0x6
 1569 0047 40       		.uleb128 0x40
 1570 0048 18       		.uleb128 0x18
 1571 0049 9742     		.uleb128 0x2117
 1572 004b 19       		.uleb128 0x19
 1573 004c 01       		.uleb128 0x1
 1574 004d 13       		.uleb128 0x13
 1575 004e 00       		.byte	0
 1576 004f 00       		.byte	0
 1577 0050 06       		.uleb128 0x6
 1578 0051 898201   		.uleb128 0x4109
 1579 0054 01       		.byte	0x1
 1580 0055 11       		.uleb128 0x11
 1581 0056 01       		.uleb128 0x1
 1582 0057 31       		.uleb128 0x31
 1583 0058 13       		.uleb128 0x13
 1584 0059 01       		.uleb128 0x1
 1585 005a 13       		.uleb128 0x13
 1586 005b 00       		.byte	0
 1587 005c 00       		.byte	0
 1588 005d 07       		.uleb128 0x7
 1589 005e 8A8201   		.uleb128 0x410a
 1590 0061 00       		.byte	0
 1591 0062 02       		.uleb128 0x2
 1592 0063 18       		.uleb128 0x18
 1593 0064 9142     		.uleb128 0x2111
 1594 0066 18       		.uleb128 0x18
 1595 0067 00       		.byte	0
 1596 0068 00       		.byte	0
 1597 0069 08       		.uleb128 0x8
 1598 006a 898201   		.uleb128 0x4109
 1599 006d 01       		.byte	0x1
 1600 006e 11       		.uleb128 0x11
 1601 006f 01       		.uleb128 0x1
 1602 0070 31       		.uleb128 0x31
 1603 0071 13       		.uleb128 0x13
ARM GAS  C:\Users\Admin\AppData\Local\Temp\ccvNcpUb.s 			page 31


 1604 0072 00       		.byte	0
 1605 0073 00       		.byte	0
 1606 0074 09       		.uleb128 0x9
 1607 0075 2E       		.uleb128 0x2e
 1608 0076 01       		.byte	0x1
 1609 0077 3F       		.uleb128 0x3f
 1610 0078 19       		.uleb128 0x19
 1611 0079 03       		.uleb128 0x3
 1612 007a 0E       		.uleb128 0xe
 1613 007b 3A       		.uleb128 0x3a
 1614 007c 0B       		.uleb128 0xb
 1615 007d 3B       		.uleb128 0x3b
 1616 007e 0B       		.uleb128 0xb
 1617 007f 27       		.uleb128 0x27
 1618 0080 19       		.uleb128 0x19
 1619 0081 49       		.uleb128 0x49
 1620 0082 13       		.uleb128 0x13
 1621 0083 11       		.uleb128 0x11
 1622 0084 01       		.uleb128 0x1
 1623 0085 12       		.uleb128 0x12
 1624 0086 06       		.uleb128 0x6
 1625 0087 40       		.uleb128 0x40
 1626 0088 18       		.uleb128 0x18
 1627 0089 9742     		.uleb128 0x2117
 1628 008b 19       		.uleb128 0x19
 1629 008c 01       		.uleb128 0x1
 1630 008d 13       		.uleb128 0x13
 1631 008e 00       		.byte	0
 1632 008f 00       		.byte	0
 1633 0090 0A       		.uleb128 0xa
 1634 0091 0B       		.uleb128 0xb
 1635 0092 01       		.byte	0x1
 1636 0093 55       		.uleb128 0x55
 1637 0094 17       		.uleb128 0x17
 1638 0095 01       		.uleb128 0x1
 1639 0096 13       		.uleb128 0x13
 1640 0097 00       		.byte	0
 1641 0098 00       		.byte	0
 1642 0099 0B       		.uleb128 0xb
 1643 009a 34       		.uleb128 0x34
 1644 009b 00       		.byte	0
 1645 009c 03       		.uleb128 0x3
 1646 009d 08       		.uleb128 0x8
 1647 009e 3A       		.uleb128 0x3a
 1648 009f 0B       		.uleb128 0xb
 1649 00a0 3B       		.uleb128 0x3b
 1650 00a1 0B       		.uleb128 0xb
 1651 00a2 49       		.uleb128 0x49
 1652 00a3 13       		.uleb128 0x13
 1653 00a4 02       		.uleb128 0x2
 1654 00a5 17       		.uleb128 0x17
 1655 00a6 00       		.byte	0
 1656 00a7 00       		.byte	0
 1657 00a8 0C       		.uleb128 0xc
 1658 00a9 898201   		.uleb128 0x4109
 1659 00ac 00       		.byte	0
 1660 00ad 11       		.uleb128 0x11
ARM GAS  C:\Users\Admin\AppData\Local\Temp\ccvNcpUb.s 			page 32


 1661 00ae 01       		.uleb128 0x1
 1662 00af 31       		.uleb128 0x31
 1663 00b0 13       		.uleb128 0x13
 1664 00b1 00       		.byte	0
 1665 00b2 00       		.byte	0
 1666 00b3 0D       		.uleb128 0xd
 1667 00b4 0B       		.uleb128 0xb
 1668 00b5 01       		.byte	0x1
 1669 00b6 55       		.uleb128 0x55
 1670 00b7 17       		.uleb128 0x17
 1671 00b8 00       		.byte	0
 1672 00b9 00       		.byte	0
 1673 00ba 0E       		.uleb128 0xe
 1674 00bb 2E       		.uleb128 0x2e
 1675 00bc 01       		.byte	0x1
 1676 00bd 3F       		.uleb128 0x3f
 1677 00be 19       		.uleb128 0x19
 1678 00bf 03       		.uleb128 0x3
 1679 00c0 0E       		.uleb128 0xe
 1680 00c1 3A       		.uleb128 0x3a
 1681 00c2 0B       		.uleb128 0xb
 1682 00c3 3B       		.uleb128 0x3b
 1683 00c4 0B       		.uleb128 0xb
 1684 00c5 27       		.uleb128 0x27
 1685 00c6 19       		.uleb128 0x19
 1686 00c7 49       		.uleb128 0x49
 1687 00c8 13       		.uleb128 0x13
 1688 00c9 8701     		.uleb128 0x87
 1689 00cb 19       		.uleb128 0x19
 1690 00cc 11       		.uleb128 0x11
 1691 00cd 01       		.uleb128 0x1
 1692 00ce 12       		.uleb128 0x12
 1693 00cf 06       		.uleb128 0x6
 1694 00d0 40       		.uleb128 0x40
 1695 00d1 18       		.uleb128 0x18
 1696 00d2 9742     		.uleb128 0x2117
 1697 00d4 19       		.uleb128 0x19
 1698 00d5 01       		.uleb128 0x1
 1699 00d6 13       		.uleb128 0x13
 1700 00d7 00       		.byte	0
 1701 00d8 00       		.byte	0
 1702 00d9 0F       		.uleb128 0xf
 1703 00da 2E       		.uleb128 0x2e
 1704 00db 00       		.byte	0
 1705 00dc 3F       		.uleb128 0x3f
 1706 00dd 19       		.uleb128 0x19
 1707 00de 3C       		.uleb128 0x3c
 1708 00df 19       		.uleb128 0x19
 1709 00e0 6E       		.uleb128 0x6e
 1710 00e1 0E       		.uleb128 0xe
 1711 00e2 03       		.uleb128 0x3
 1712 00e3 0E       		.uleb128 0xe
 1713 00e4 3A       		.uleb128 0x3a
 1714 00e5 0B       		.uleb128 0xb
 1715 00e6 3B       		.uleb128 0x3b
 1716 00e7 0B       		.uleb128 0xb
 1717 00e8 00       		.byte	0
ARM GAS  C:\Users\Admin\AppData\Local\Temp\ccvNcpUb.s 			page 33


 1718 00e9 00       		.byte	0
 1719 00ea 00       		.byte	0
 1720              		.section	.debug_loc,"",%progbits
 1721              	.Ldebug_loc0:
 1722              	.LLST0:
 1723 0000 02000000 		.4byte	.LVL6
 1724 0004 06000000 		.4byte	.LVL7
 1725 0008 0200     		.2byte	0x2
 1726 000a 30       		.byte	0x30
 1727 000b 9F       		.byte	0x9f
 1728 000c 06000000 		.4byte	.LVL7
 1729 0010 2A010000 		.4byte	.LVL46
 1730 0014 0100     		.2byte	0x1
 1731 0016 56       		.byte	0x56
 1732 0017 2C010000 		.4byte	.LVL47
 1733 001b 36010000 		.4byte	.LVL48
 1734 001f 0100     		.2byte	0x1
 1735 0021 56       		.byte	0x56
 1736 0022 D8010000 		.4byte	.LVL72
 1737 0026 E0010000 		.4byte	.LVL74
 1738 002a 0100     		.2byte	0x1
 1739 002c 56       		.byte	0x56
 1740 002d 00000000 		.4byte	0
 1741 0031 00000000 		.4byte	0
 1742              	.LLST1:
 1743 0035 9C000000 		.4byte	.LVL26
 1744 0039 22010000 		.4byte	.LVL44
 1745 003d 0100     		.2byte	0x1
 1746 003f 55       		.byte	0x55
 1747 0040 24010000 		.4byte	.LVL45
 1748 0044 2C010000 		.4byte	.LVL47
 1749 0048 0100     		.2byte	0x1
 1750 004a 55       		.byte	0x55
 1751 004b DC010000 		.4byte	.LVL73
 1752 004f E0010000 		.4byte	.LVL74
 1753 0053 0100     		.2byte	0x1
 1754 0055 55       		.byte	0x55
 1755 0056 00000000 		.4byte	0
 1756 005a 00000000 		.4byte	0
 1757              	.LLST2:
 1758 005e 36010000 		.4byte	.LVL48
 1759 0062 CE010000 		.4byte	.LVL70
 1760 0066 0100     		.2byte	0x1
 1761 0068 57       		.byte	0x57
 1762 0069 D0010000 		.4byte	.LVL71
 1763 006d D8010000 		.4byte	.LVL72
 1764 0071 0100     		.2byte	0x1
 1765 0073 57       		.byte	0x57
 1766 0074 E0010000 		.4byte	.LVL74
 1767 0078 E2010000 		.4byte	.LVL75
 1768 007c 0100     		.2byte	0x1
 1769 007e 57       		.byte	0x57
 1770 007f 00000000 		.4byte	0
 1771 0083 00000000 		.4byte	0
 1772              	.LLST3:
 1773 0087 3C010000 		.4byte	.LVL49
 1774 008b 8C010000 		.4byte	.LVL61
ARM GAS  C:\Users\Admin\AppData\Local\Temp\ccvNcpUb.s 			page 34


 1775 008f 0100     		.2byte	0x1
 1776 0091 54       		.byte	0x54
 1777 0092 8C010000 		.4byte	.LVL61
 1778 0096 C8010000 		.4byte	.LVL69
 1779 009a 0100     		.2byte	0x1
 1780 009c 56       		.byte	0x56
 1781 009d C8010000 		.4byte	.LVL69
 1782 00a1 CE010000 		.4byte	.LVL70
 1783 00a5 0600     		.2byte	0x6
 1784 00a7 75       		.byte	0x75
 1785 00a8 00       		.sleb128 0
 1786 00a9 77       		.byte	0x77
 1787 00aa 00       		.sleb128 0
 1788 00ab 24       		.byte	0x24
 1789 00ac 9F       		.byte	0x9f
 1790 00ad CE010000 		.4byte	.LVL70
 1791 00b1 D0010000 		.4byte	.LVL71
 1792 00b5 0600     		.2byte	0x6
 1793 00b7 75       		.byte	0x75
 1794 00b8 00       		.sleb128 0
 1795 00b9 77       		.byte	0x77
 1796 00ba 7F       		.sleb128 -1
 1797 00bb 24       		.byte	0x24
 1798 00bc 9F       		.byte	0x9f
 1799 00bd E0010000 		.4byte	.LVL74
 1800 00c1 E2010000 		.4byte	.LVL75
 1801 00c5 0600     		.2byte	0x6
 1802 00c7 75       		.byte	0x75
 1803 00c8 00       		.sleb128 0
 1804 00c9 77       		.byte	0x77
 1805 00ca 00       		.sleb128 0
 1806 00cb 24       		.byte	0x24
 1807 00cc 9F       		.byte	0x9f
 1808 00cd 00000000 		.4byte	0
 1809 00d1 00000000 		.4byte	0
 1810              		.section	.debug_aranges,"",%progbits
 1811 0000 2C000000 		.4byte	0x2c
 1812 0004 0200     		.2byte	0x2
 1813 0006 00000000 		.4byte	.Ldebug_info0
 1814 000a 04       		.byte	0x4
 1815 000b 00       		.byte	0
 1816 000c 0000     		.2byte	0
 1817 000e 0000     		.2byte	0
 1818 0010 00000000 		.4byte	.LFB35
 1819 0014 28000000 		.4byte	.LFE35-.LFB35
 1820 0018 00000000 		.4byte	.LFB36
 1821 001c E4010000 		.4byte	.LFE36-.LFB36
 1822 0020 00000000 		.4byte	.LFB37
 1823 0024 7E000000 		.4byte	.LFE37-.LFB37
 1824 0028 00000000 		.4byte	0
 1825 002c 00000000 		.4byte	0
 1826              		.section	.debug_ranges,"",%progbits
 1827              	.Ldebug_ranges0:
 1828 0000 02000000 		.4byte	.LBB2
 1829 0004 36010000 		.4byte	.LBE2
 1830 0008 D8010000 		.4byte	.LBB9
 1831 000c E0010000 		.4byte	.LBE9
ARM GAS  C:\Users\Admin\AppData\Local\Temp\ccvNcpUb.s 			page 35


 1832 0010 00000000 		.4byte	0
 1833 0014 00000000 		.4byte	0
 1834 0018 9C000000 		.4byte	.LBB3
 1835 001c 28010000 		.4byte	.LBE3
 1836 0020 DC010000 		.4byte	.LBB4
 1837 0024 E0010000 		.4byte	.LBE4
 1838 0028 00000000 		.4byte	0
 1839 002c 00000000 		.4byte	0
 1840 0030 36010000 		.4byte	.LBB5
 1841 0034 D4010000 		.4byte	.LBE5
 1842 0038 D6010000 		.4byte	.LBB8
 1843 003c D8010000 		.4byte	.LBE8
 1844 0040 E0010000 		.4byte	.LBB10
 1845 0044 E2010000 		.4byte	.LBE10
 1846 0048 00000000 		.4byte	0
 1847 004c 00000000 		.4byte	0
 1848 0050 36010000 		.4byte	.LBB6
 1849 0054 CC010000 		.4byte	.LBE6
 1850 0058 E0010000 		.4byte	.LBB7
 1851 005c E2010000 		.4byte	.LBE7
 1852 0060 00000000 		.4byte	0
 1853 0064 00000000 		.4byte	0
 1854 0068 00000000 		.4byte	.LFB35
 1855 006c 28000000 		.4byte	.LFE35
 1856 0070 00000000 		.4byte	.LFB36
 1857 0074 E4010000 		.4byte	.LFE36
 1858 0078 00000000 		.4byte	.LFB37
 1859 007c 7E000000 		.4byte	.LFE37
 1860 0080 00000000 		.4byte	0
 1861 0084 00000000 		.4byte	0
 1862              		.section	.debug_line,"",%progbits
 1863              	.Ldebug_line0:
 1864 0000 7D020000 		.section	.debug_str,"MS",%progbits,1
 1864      0200E601 
 1864      00000201 
 1864      FB0E0D00 
 1864      01010101 
 1865              	.LASF35:
 1866 0000 51365F52 		.ascii	"Q6_Read\000"
 1866      65616400 
 1867              	.LASF3:
 1868 0008 5F5F7569 		.ascii	"__uint8_t\000"
 1868      6E74385F 
 1868      7400
 1869              	.LASF23:
 1870 0012 44325F57 		.ascii	"D2_Write\000"
 1870      72697465 
 1870      00
 1871              	.LASF32:
 1872 001b 51335F52 		.ascii	"Q3_Read\000"
 1872      65616400 
 1873              	.LASF25:
 1874 0023 44345F57 		.ascii	"D4_Write\000"
 1874      72697465 
 1874      00
 1875              	.LASF29:
 1876 002c 51305F52 		.ascii	"Q0_Read\000"
ARM GAS  C:\Users\Admin\AppData\Local\Temp\ccvNcpUb.s 			page 36


 1876      65616400 
 1877              	.LASF4:
 1878 0034 5F5F7569 		.ascii	"__uint16_t\000"
 1878      6E743136 
 1878      5F7400
 1879              	.LASF26:
 1880 003f 44355F57 		.ascii	"D5_Write\000"
 1880      72697465 
 1880      00
 1881              	.LASF40:
 1882 0048 43794465 		.ascii	"CyDelay\000"
 1882      6C617900 
 1883              	.LASF13:
 1884 0050 666C6F61 		.ascii	"float\000"
 1884      7400
 1885              	.LASF44:
 1886 0056 636C6F63 		.ascii	"clock_rising_edge\000"
 1886      6B5F7269 
 1886      73696E67 
 1886      5F656467 
 1886      6500
 1887              	.LASF27:
 1888 0068 44365F57 		.ascii	"D6_Write\000"
 1888      72697465 
 1888      00
 1889              	.LASF43:
 1890 0071 433A5C55 		.ascii	"C:\\Users\\Admin\\Documents\\PSoC Creator\\Workspac"
 1890      73657273 
 1890      5C41646D 
 1890      696E5C44 
 1890      6F63756D 
 1891 009f 6530355C 		.ascii	"e05\\374.cydsn\000"
 1891      3337342E 
 1891      63796473 
 1891      6E00
 1892              	.LASF19:
 1893 00ad 434B5F57 		.ascii	"CK_Write\000"
 1893      72697465 
 1893      00
 1894              	.LASF7:
 1895 00b6 6C6F6E67 		.ascii	"long unsigned int\000"
 1895      20756E73 
 1895      69676E65 
 1895      6420696E 
 1895      7400
 1896              	.LASF5:
 1897 00c8 73686F72 		.ascii	"short unsigned int\000"
 1897      7420756E 
 1897      7369676E 
 1897      65642069 
 1897      6E7400
 1898              	.LASF36:
 1899 00db 51375F52 		.ascii	"Q7_Read\000"
 1899      65616400 
 1900              	.LASF30:
 1901 00e3 51315F52 		.ascii	"Q1_Read\000"
 1901      65616400 
ARM GAS  C:\Users\Admin\AppData\Local\Temp\ccvNcpUb.s 			page 37


 1902              	.LASF28:
 1903 00eb 44375F57 		.ascii	"D7_Write\000"
 1903      72697465 
 1903      00
 1904              	.LASF1:
 1905 00f4 756E7369 		.ascii	"unsigned char\000"
 1905      676E6564 
 1905      20636861 
 1905      7200
 1906              	.LASF33:
 1907 0102 51345F52 		.ascii	"Q4_Read\000"
 1907      65616400 
 1908              	.LASF14:
 1909 010a 646F7562 		.ascii	"double\000"
 1909      6C6500
 1910              	.LASF24:
 1911 0111 44335F57 		.ascii	"D3_Write\000"
 1911      72697465 
 1911      00
 1912              	.LASF20:
 1913 011a 43794465 		.ascii	"CyDelayUs\000"
 1913      6C617955 
 1913      7300
 1914              	.LASF38:
 1915 0124 4C45445F 		.ascii	"LED_OK_Write\000"
 1915      4F4B5F57 
 1915      72697465 
 1915      00
 1916              	.LASF39:
 1917 0131 4C45445F 		.ascii	"LED_FAIL_Write\000"
 1917      4641494C 
 1917      5F577269 
 1917      746500
 1918              	.LASF45:
 1919 0140 74657374 		.ascii	"test_74374\000"
 1919      5F373433 
 1919      373400
 1920              	.LASF10:
 1921 014b 756E7369 		.ascii	"unsigned int\000"
 1921      676E6564 
 1921      20696E74 
 1921      00
 1922              	.LASF37:
 1923 0158 4F455F57 		.ascii	"OE_Write\000"
 1923      72697465 
 1923      00
 1924              	.LASF9:
 1925 0161 6C6F6E67 		.ascii	"long long unsigned int\000"
 1925      206C6F6E 
 1925      6720756E 
 1925      7369676E 
 1925      65642069 
 1926              	.LASF11:
 1927 0178 75696E74 		.ascii	"uint8_t\000"
 1927      385F7400 
 1928              	.LASF46:
 1929 0180 6D61696E 		.ascii	"main\000"
ARM GAS  C:\Users\Admin\AppData\Local\Temp\ccvNcpUb.s 			page 38


 1929      00
 1930              	.LASF41:
 1931 0185 474E5520 		.ascii	"GNU C11 5.4.1 20160609 (release) [ARM/embedded-5-br"
 1931      43313120 
 1931      352E342E 
 1931      31203230 
 1931      31363036 
 1932 01b8 616E6368 		.ascii	"anch revision 237715] -mcpu=cortex-m0 -mthumb -g -O"
 1932      20726576 
 1932      6973696F 
 1932      6E203233 
 1932      37373135 
 1933 01eb 67202D66 		.ascii	"g -ffunction-sections -ffat-lto-objects\000"
 1933      66756E63 
 1933      74696F6E 
 1933      2D736563 
 1933      74696F6E 
 1934              	.LASF16:
 1935 0213 73697A65 		.ascii	"sizetype\000"
 1935      74797065 
 1935      00
 1936              	.LASF8:
 1937 021c 6C6F6E67 		.ascii	"long long int\000"
 1937      206C6F6E 
 1937      6720696E 
 1937      7400
 1938              	.LASF42:
 1939 022a 6D61696E 		.ascii	"main.c\000"
 1939      2E6300
 1940              	.LASF31:
 1941 0231 51325F52 		.ascii	"Q2_Read\000"
 1941      65616400 
 1942              	.LASF2:
 1943 0239 73686F72 		.ascii	"short int\000"
 1943      7420696E 
 1943      7400
 1944              	.LASF34:
 1945 0243 51355F52 		.ascii	"Q5_Read\000"
 1945      65616400 
 1946              	.LASF21:
 1947 024b 44305F57 		.ascii	"D0_Write\000"
 1947      72697465 
 1947      00
 1948              	.LASF12:
 1949 0254 75696E74 		.ascii	"uint16_t\000"
 1949      31365F74 
 1949      00
 1950              	.LASF6:
 1951 025d 6C6F6E67 		.ascii	"long int\000"
 1951      20696E74 
 1951      00
 1952              	.LASF15:
 1953 0266 63686172 		.ascii	"char\000"
 1953      00
 1954              	.LASF17:
 1955 026b 6C6F6E67 		.ascii	"long double\000"
 1955      20646F75 
ARM GAS  C:\Users\Admin\AppData\Local\Temp\ccvNcpUb.s 			page 39


 1955      626C6500 
 1956              	.LASF0:
 1957 0277 7369676E 		.ascii	"signed char\000"
 1957      65642063 
 1957      68617200 
 1958              	.LASF18:
 1959 0283 5F426F6F 		.ascii	"_Bool\000"
 1959      6C00
 1960              	.LASF22:
 1961 0289 44315F57 		.ascii	"D1_Write\000"
 1961      72697465 
 1961      00
 1962              		.ident	"GCC: (GNU Tools for ARM Embedded Processors) 5.4.1 20160609 (release) [ARM/embedded-5-bran
